{"/Users/oddjobsman/Projects/circuitbox/lib/utils.js":{"path":"/Users/oddjobsman/Projects/circuitbox/lib/utils.js","s":{"1":1,"2":1,"3":1,"4":1,"5":1,"6":4,"7":4,"8":4,"9":2,"10":2,"11":2,"12":5,"13":2,"14":2,"15":5,"16":2,"17":1,"18":10,"19":9,"20":1,"21":1},"b":{"1":[2,2],"2":[2,0],"3":[2,2],"4":[2,0],"5":[2,2],"6":[9,1]},"f":{"1":4,"2":5,"3":5,"4":10},"fnMap":{"1":{"name":"enumFor","line":15,"loc":{"start":{"line":15,"column":0},"end":{"line":15,"column":19}}},"2":{"name":"(anonymous_2)","line":22,"loc":{"start":{"line":22,"column":19},"end":{"line":22,"column":44}}},"3":{"name":"(anonymous_3)","line":33,"loc":{"start":{"line":33,"column":19},"end":{"line":33,"column":46}}},"4":{"name":"normalizeModulePath","line":46,"loc":{"start":{"line":46,"column":0},"end":{"line":46,"column":39}}}},"statementMap":{"1":{"start":{"line":9,"column":0},"end":{"line":9,"column":27}},"2":{"start":{"line":10,"column":0},"end":{"line":10,"column":27}},"3":{"start":{"line":12,"column":0},"end":{"line":12,"column":26}},"4":{"start":{"line":13,"column":0},"end":{"line":13,"column":40}},"5":{"start":{"line":15,"column":0},"end":{"line":44,"column":1}},"6":{"start":{"line":16,"column":2},"end":{"line":16,"column":28}},"7":{"start":{"line":17,"column":2},"end":{"line":17,"column":18}},"8":{"start":{"line":19,"column":2},"end":{"line":19,"column":65}},"9":{"start":{"line":19,"column":28},"end":{"line":19,"column":65}},"10":{"start":{"line":21,"column":2},"end":{"line":30,"column":3}},"11":{"start":{"line":22,"column":4},"end":{"line":29,"column":7}},"12":{"start":{"line":23,"column":6},"end":{"line":28,"column":9}},"13":{"start":{"line":32,"column":2},"end":{"line":41,"column":3}},"14":{"start":{"line":33,"column":4},"end":{"line":40,"column":7}},"15":{"start":{"line":34,"column":6},"end":{"line":39,"column":9}},"16":{"start":{"line":43,"column":2},"end":{"line":43,"column":16}},"17":{"start":{"line":46,"column":0},"end":{"line":50,"column":1}},"18":{"start":{"line":48,"column":2},"end":{"line":48,"column":84}},"19":{"start":{"line":48,"column":42},"end":{"line":48,"column":84}},"20":{"start":{"line":49,"column":2},"end":{"line":49,"column":18}},"21":{"start":{"line":52,"column":0},"end":{"line":57,"column":2}}},"branchMap":{"1":{"line":19,"type":"if","locations":[{"start":{"line":19,"column":2},"end":{"line":19,"column":2}},{"start":{"line":19,"column":2},"end":{"line":19,"column":2}}]},"2":{"line":21,"type":"if","locations":[{"start":{"line":21,"column":2},"end":{"line":21,"column":2}},{"start":{"line":21,"column":2},"end":{"line":21,"column":2}}]},"3":{"line":21,"type":"binary-expr","locations":[{"start":{"line":21,"column":6},"end":{"line":21,"column":28}},{"start":{"line":21,"column":32},"end":{"line":21,"column":49}}]},"4":{"line":32,"type":"if","locations":[{"start":{"line":32,"column":2},"end":{"line":32,"column":2}},{"start":{"line":32,"column":2},"end":{"line":32,"column":2}}]},"5":{"line":32,"type":"binary-expr","locations":[{"start":{"line":32,"column":6},"end":{"line":32,"column":28}},{"start":{"line":32,"column":32},"end":{"line":32,"column":50}}]},"6":{"line":48,"type":"if","locations":[{"start":{"line":48,"column":2},"end":{"line":48,"column":2}},{"start":{"line":48,"column":2},"end":{"line":48,"column":2}}]}}},"/Users/oddjobsman/Projects/circuitbox/lib/scopes.js":{"path":"/Users/oddjobsman/Projects/circuitbox/lib/scopes.js","s":{"1":1},"b":{},"f":{},"fnMap":{},"statementMap":{"1":{"start":{"line":9,"column":0},"end":{"line":9,"column":70}}},"branchMap":{}},"/Users/oddjobsman/Projects/circuitbox/lib/simpleComponentDefinition.js":{"path":"/Users/oddjobsman/Projects/circuitbox/lib/simpleComponentDefinition.js","s":{"1":1,"2":1,"3":1,"4":63,"5":63,"6":63,"7":63,"8":33,"9":1,"10":1},"b":{"1":[63,0]},"f":{"1":63,"2":33},"fnMap":{"1":{"name":"SimpleComponentDefinition","line":13,"loc":{"start":{"line":13,"column":0},"end":{"line":13,"column":37}}},"2":{"name":"getComponent","line":19,"loc":{"start":{"line":19,"column":22},"end":{"line":19,"column":46}}}},"statementMap":{"1":{"start":{"line":9,"column":0},"end":{"line":9,"column":31}},"2":{"start":{"line":11,"column":0},"end":{"line":11,"column":59}},"3":{"start":{"line":13,"column":0},"end":{"line":22,"column":1}},"4":{"start":{"line":14,"column":2},"end":{"line":14,"column":18}},"5":{"start":{"line":15,"column":2},"end":{"line":15,"column":35}},"6":{"start":{"line":17,"column":2},"end":{"line":17,"column":42}},"7":{"start":{"line":19,"column":2},"end":{"line":21,"column":4}},"8":{"start":{"line":20,"column":4},"end":{"line":20,"column":29}},"9":{"start":{"line":24,"column":0},"end":{"line":24,"column":63}},"10":{"start":{"line":26,"column":0},"end":{"line":26,"column":43}}},"branchMap":{"1":{"line":15,"type":"binary-expr","locations":[{"start":{"line":15,"column":16},"end":{"line":15,"column":28}},{"start":{"line":15,"column":32},"end":{"line":15,"column":34}}]}}},"/Users/oddjobsman/Projects/circuitbox/lib/componentDefinition.js":{"path":"/Users/oddjobsman/Projects/circuitbox/lib/componentDefinition.js","s":{"1":1,"2":1,"3":1,"4":1,"5":1,"6":83,"7":83,"8":83,"9":83,"10":83,"11":1,"12":82,"13":43,"14":9,"15":70,"16":55,"17":35,"18":1},"b":{"1":[83,0],"2":[83,64],"3":[83,52],"4":[1,82],"5":[83,21]},"f":{"1":83,"2":43,"3":9,"4":70,"5":55,"6":35},"fnMap":{"1":{"name":"ComponentDefinition","line":15,"loc":{"start":{"line":15,"column":0},"end":{"line":15,"column":31}}},"2":{"name":"getName","line":29,"loc":{"start":{"line":29,"column":11},"end":{"line":29,"column":30}}},"3":{"name":"getScope","line":34,"loc":{"start":{"line":34,"column":11},"end":{"line":34,"column":31}}},"4":{"name":"isSingleton","line":39,"loc":{"start":{"line":39,"column":11},"end":{"line":39,"column":34}}},"5":{"name":"getInitializer","line":44,"loc":{"start":{"line":44,"column":11},"end":{"line":44,"column":37}}},"6":{"name":"getDependencies","line":49,"loc":{"start":{"line":49,"column":11},"end":{"line":49,"column":38}}}},"statementMap":{"1":{"start":{"line":9,"column":0},"end":{"line":9,"column":26}},"2":{"start":{"line":10,"column":0},"end":{"line":10,"column":31}},"3":{"start":{"line":12,"column":0},"end":{"line":12,"column":33}},"4":{"start":{"line":13,"column":0},"end":{"line":13,"column":69}},"5":{"start":{"line":15,"column":0},"end":{"line":54,"column":1}},"6":{"start":{"line":16,"column":2},"end":{"line":16,"column":18}},"7":{"start":{"line":17,"column":2},"end":{"line":17,"column":35}},"8":{"start":{"line":18,"column":2},"end":{"line":18,"column":96}},"9":{"start":{"line":21,"column":2},"end":{"line":21,"column":52}},"10":{"start":{"line":23,"column":2},"end":{"line":25,"column":35}},"11":{"start":{"line":24,"column":4},"end":{"line":25,"column":35}},"12":{"start":{"line":27,"column":2},"end":{"line":53,"column":5}},"13":{"start":{"line":30,"column":8},"end":{"line":30,"column":28}},"14":{"start":{"line":35,"column":8},"end":{"line":35,"column":29}},"15":{"start":{"line":40,"column":8},"end":{"line":40,"column":50}},"16":{"start":{"line":45,"column":8},"end":{"line":45,"column":35}},"17":{"start":{"line":50,"column":8},"end":{"line":50,"column":36}},"18":{"start":{"line":56,"column":0},"end":{"line":56,"column":37}}},"branchMap":{"1":{"line":17,"type":"binary-expr","locations":[{"start":{"line":17,"column":16},"end":{"line":17,"column":28}},{"start":{"line":17,"column":32},"end":{"line":17,"column":34}}]},"2":{"line":18,"type":"binary-expr","locations":[{"start":{"line":18,"column":26},"end":{"line":18,"column":59}},{"start":{"line":18,"column":63},"end":{"line":18,"column":94}}]},"3":{"line":21,"type":"binary-expr","locations":[{"start":{"line":21,"column":18},"end":{"line":21,"column":31}},{"start":{"line":21,"column":35},"end":{"line":21,"column":51}}]},"4":{"line":23,"type":"if","locations":[{"start":{"line":23,"column":2},"end":{"line":23,"column":2}},{"start":{"line":23,"column":2},"end":{"line":23,"column":2}}]},"5":{"line":23,"type":"binary-expr","locations":[{"start":{"line":23,"column":6},"end":{"line":23,"column":25}},{"start":{"line":23,"column":29},"end":{"line":23,"column":46}}]}}},"/Users/oddjobsman/Projects/circuitbox/lib/componentDefinitionError.js":{"path":"/Users/oddjobsman/Projects/circuitbox/lib/componentDefinitionError.js","s":{"1":1,"2":1,"3":4,"4":4,"5":4,"6":1,"7":4,"8":3,"9":3,"10":4,"11":4,"12":4,"13":1,"14":1},"b":{"1":[1,3],"2":[3,1],"3":[4,1]},"f":{"1":4},"fnMap":{"1":{"name":"ComponentDefinitionError","line":11,"loc":{"start":{"line":11,"column":0},"end":{"line":11,"column":36}}}},"statementMap":{"1":{"start":{"line":9,"column":0},"end":{"line":9,"column":31}},"2":{"start":{"line":11,"column":0},"end":{"line":26,"column":1}},"3":{"start":{"line":12,"column":2},"end":{"line":12,"column":29}},"4":{"start":{"line":14,"column":2},"end":{"line":14,"column":19}},"5":{"start":{"line":16,"column":2},"end":{"line":16,"column":59}},"6":{"start":{"line":16,"column":30},"end":{"line":16,"column":59}},"7":{"start":{"line":18,"column":2},"end":{"line":21,"column":3}},"8":{"start":{"line":19,"column":4},"end":{"line":19,"column":27}},"9":{"start":{"line":20,"column":4},"end":{"line":20,"column":33}},"10":{"start":{"line":23,"column":2},"end":{"line":23,"column":41}},"11":{"start":{"line":24,"column":2},"end":{"line":24,"column":37}},"12":{"start":{"line":25,"column":2},"end":{"line":25,"column":108}},"13":{"start":{"line":28,"column":0},"end":{"line":28,"column":48}},"14":{"start":{"line":30,"column":0},"end":{"line":30,"column":42}}},"branchMap":{"1":{"line":16,"type":"if","locations":[{"start":{"line":16,"column":2},"end":{"line":16,"column":2}},{"start":{"line":16,"column":2},"end":{"line":16,"column":2}}]},"2":{"line":18,"type":"if","locations":[{"start":{"line":18,"column":2},"end":{"line":18,"column":2}},{"start":{"line":18,"column":2},"end":{"line":18,"column":2}}]},"3":{"line":25,"type":"binary-expr","locations":[{"start":{"line":25,"column":17},"end":{"line":25,"column":24}},{"start":{"line":25,"column":28},"end":{"line":25,"column":107}}]}}},"/Users/oddjobsman/Projects/circuitbox/lib/componentCreationError.js":{"path":"/Users/oddjobsman/Projects/circuitbox/lib/componentCreationError.js","s":{"1":1,"2":1,"3":2,"4":2,"5":2,"6":0,"7":2,"8":2,"9":2,"10":2,"11":2,"12":2,"13":1,"14":1},"b":{"1":[0,2],"2":[2,0],"3":[2,0]},"f":{"1":2},"fnMap":{"1":{"name":"ComponentCreationError","line":11,"loc":{"start":{"line":11,"column":0},"end":{"line":11,"column":34}}}},"statementMap":{"1":{"start":{"line":9,"column":0},"end":{"line":9,"column":31}},"2":{"start":{"line":11,"column":0},"end":{"line":27,"column":1}},"3":{"start":{"line":12,"column":2},"end":{"line":12,"column":29}},"4":{"start":{"line":14,"column":2},"end":{"line":14,"column":19}},"5":{"start":{"line":16,"column":2},"end":{"line":16,"column":59}},"6":{"start":{"line":16,"column":30},"end":{"line":16,"column":59}},"7":{"start":{"line":18,"column":2},"end":{"line":21,"column":3}},"8":{"start":{"line":19,"column":4},"end":{"line":19,"column":27}},"9":{"start":{"line":20,"column":4},"end":{"line":20,"column":33}},"10":{"start":{"line":23,"column":2},"end":{"line":23,"column":39}},"11":{"start":{"line":24,"column":2},"end":{"line":24,"column":37}},"12":{"start":{"line":25,"column":2},"end":{"line":26,"column":26}},"13":{"start":{"line":29,"column":0},"end":{"line":29,"column":46}},"14":{"start":{"line":31,"column":0},"end":{"line":31,"column":40}}},"branchMap":{"1":{"line":16,"type":"if","locations":[{"start":{"line":16,"column":2},"end":{"line":16,"column":2}},{"start":{"line":16,"column":2},"end":{"line":16,"column":2}}]},"2":{"line":18,"type":"if","locations":[{"start":{"line":18,"column":2},"end":{"line":18,"column":2}},{"start":{"line":18,"column":2},"end":{"line":18,"column":2}}]},"3":{"line":25,"type":"binary-expr","locations":[{"start":{"line":25,"column":17},"end":{"line":25,"column":24}},{"start":{"line":25,"column":28},"end":{"line":26,"column":25}}]}}},"/Users/oddjobsman/Projects/circuitbox/lib/noSuchComponentDefinitionError.js":{"path":"/Users/oddjobsman/Projects/circuitbox/lib/noSuchComponentDefinitionError.js","s":{"1":1,"2":1,"3":2,"4":2,"5":2,"6":2,"7":2,"8":0,"9":0,"10":2,"11":2,"12":2,"13":1,"14":1},"b":{"1":[2,0],"2":[0,2],"3":[2,2]},"f":{"1":2},"fnMap":{"1":{"name":"NoSuchComponentDefinitionError","line":11,"loc":{"start":{"line":11,"column":0},"end":{"line":11,"column":42}}}},"statementMap":{"1":{"start":{"line":9,"column":0},"end":{"line":9,"column":31}},"2":{"start":{"line":11,"column":0},"end":{"line":26,"column":1}},"3":{"start":{"line":12,"column":2},"end":{"line":12,"column":29}},"4":{"start":{"line":14,"column":2},"end":{"line":14,"column":19}},"5":{"start":{"line":16,"column":2},"end":{"line":16,"column":59}},"6":{"start":{"line":16,"column":30},"end":{"line":16,"column":59}},"7":{"start":{"line":18,"column":2},"end":{"line":21,"column":3}},"8":{"start":{"line":19,"column":4},"end":{"line":19,"column":27}},"9":{"start":{"line":20,"column":4},"end":{"line":20,"column":33}},"10":{"start":{"line":23,"column":2},"end":{"line":23,"column":47}},"11":{"start":{"line":24,"column":2},"end":{"line":24,"column":37}},"12":{"start":{"line":25,"column":2},"end":{"line":25,"column":101}},"13":{"start":{"line":28,"column":0},"end":{"line":28,"column":54}},"14":{"start":{"line":30,"column":0},"end":{"line":30,"column":48}}},"branchMap":{"1":{"line":16,"type":"if","locations":[{"start":{"line":16,"column":2},"end":{"line":16,"column":2}},{"start":{"line":16,"column":2},"end":{"line":16,"column":2}}]},"2":{"line":18,"type":"if","locations":[{"start":{"line":18,"column":2},"end":{"line":18,"column":2}},{"start":{"line":18,"column":2},"end":{"line":18,"column":2}}]},"3":{"line":25,"type":"binary-expr","locations":[{"start":{"line":25,"column":17},"end":{"line":25,"column":24}},{"start":{"line":25,"column":28},"end":{"line":25,"column":100}}]}}},"/Users/oddjobsman/Projects/circuitbox/lib/assemblyContext.js":{"path":"/Users/oddjobsman/Projects/circuitbox/lib/assemblyContext.js","s":{"1":1,"2":40,"3":40,"4":40,"5":40,"6":40,"7":0,"8":1},"b":{"1":[40,0]},"f":{"1":40,"2":40,"3":40,"4":40,"5":0},"fnMap":{"1":{"name":"AssemblyContext","line":9,"loc":{"start":{"line":9,"column":0},"end":{"line":9,"column":49}}},"2":{"name":"getTargetComponentName","line":14,"loc":{"start":{"line":14,"column":11},"end":{"line":14,"column":45}}},"3":{"name":"(anonymous_3)","line":19,"loc":{"start":{"line":19,"column":11},"end":{"line":19,"column":23}}},"4":{"name":"getRegistry","line":24,"loc":{"start":{"line":24,"column":11},"end":{"line":24,"column":34}}},"5":{"name":"getCallBack","line":29,"loc":{"start":{"line":29,"column":11},"end":{"line":29,"column":34}}}},"statementMap":{"1":{"start":{"line":9,"column":0},"end":{"line":34,"column":1}},"2":{"start":{"line":10,"column":2},"end":{"line":10,"column":26}},"3":{"start":{"line":12,"column":2},"end":{"line":33,"column":5}},"4":{"start":{"line":15,"column":8},"end":{"line":15,"column":29}},"5":{"start":{"line":20,"column":8},"end":{"line":20,"column":34}},"6":{"start":{"line":25,"column":8},"end":{"line":25,"column":32}},"7":{"start":{"line":30,"column":8},"end":{"line":30,"column":32}},"8":{"start":{"line":36,"column":0},"end":{"line":36,"column":33}}},"branchMap":{"1":{"line":10,"type":"binary-expr","locations":[{"start":{"line":10,"column":12},"end":{"line":10,"column":19}},{"start":{"line":10,"column":23},"end":{"line":10,"column":25}}]}}},"/Users/oddjobsman/Projects/circuitbox/lib/assembler.js":{"path":"/Users/oddjobsman/Projects/circuitbox/lib/assembler.js","s":{"1":1,"2":1,"3":1,"4":1,"5":1,"6":1,"7":1,"8":1,"9":1,"10":40,"11":40,"12":40,"13":40,"14":40,"15":40,"16":1,"17":39,"18":39,"19":1,"20":24,"21":24,"22":24,"23":0,"24":1,"25":38,"26":30,"27":0,"28":0,"29":30,"30":8,"31":30,"32":30,"33":1,"34":30,"35":1,"36":6,"37":6,"38":1,"39":43,"40":43,"41":38,"42":38,"43":16,"44":6,"45":10,"46":10,"47":2,"48":2,"49":8,"50":30,"51":30,"52":30,"53":30,"54":0,"55":0,"56":30,"57":30,"58":5,"59":1,"60":1,"61":38,"62":38,"63":34,"64":0,"65":0,"66":34,"67":39,"68":38,"69":5,"70":38,"71":1,"72":40,"73":1},"b":{"1":[1,39],"2":[0,30],"3":[8,22],"4":[16,22],"5":[6,10],"6":[2,8],"7":[11,19],"8":[0,30],"9":[1,4],"10":[0,34],"11":[5,33],"12":[38,5]},"f":{"1":40,"2":24,"3":24,"4":24,"5":0,"6":38,"7":30,"8":30,"9":6,"10":6,"11":43,"12":30,"13":38,"14":38,"15":34,"16":38,"17":40},"fnMap":{"1":{"name":"Assembler","line":20,"loc":{"start":{"line":20,"column":0},"end":{"line":20,"column":28}}},"2":{"name":"makeAssembler","line":35,"loc":{"start":{"line":35,"column":2},"end":{"line":35,"column":40}}},"3":{"name":"(anonymous_3)","line":36,"loc":{"start":{"line":36,"column":11},"end":{"line":36,"column":36}}},"4":{"name":"(anonymous_4)","line":41,"loc":{"start":{"line":41,"column":12},"end":{"line":41,"column":30}}},"5":{"name":"(anonymous_5)","line":43,"loc":{"start":{"line":43,"column":9},"end":{"line":43,"column":24}}},"6":{"name":"makeProxyCallback","line":51,"loc":{"start":{"line":51,"column":2},"end":{"line":51,"column":39}}},"7":{"name":"proxyCallback","line":52,"loc":{"start":{"line":52,"column":11},"end":{"line":52,"column":50}}},"8":{"name":"assembleComponent","line":66,"loc":{"start":{"line":66,"column":2},"end":{"line":66,"column":45}}},"9":{"name":"waitForSingletonAssembly","line":71,"loc":{"start":{"line":71,"column":2},"end":{"line":71,"column":46}}},"10":{"name":"(anonymous_10)","line":73,"loc":{"start":{"line":73,"column":55},"end":{"line":73,"column":76}}},"11":{"name":"assembleCallback","line":78,"loc":{"start":{"line":78,"column":2},"end":{"line":78,"column":38}}},"12":{"name":"(anonymous_12)","line":106,"loc":{"start":{"line":106,"column":36},"end":{"line":106,"column":63}}},"13":{"name":"assemblePromise","line":126,"loc":{"start":{"line":126,"column":2},"end":{"line":126,"column":29}}},"14":{"name":"(anonymous_14)","line":127,"loc":{"start":{"line":127,"column":24},"end":{"line":127,"column":51}}},"15":{"name":"(anonymous_15)","line":128,"loc":{"start":{"line":128,"column":23},"end":{"line":128,"column":55}}},"16":{"name":"assemble","line":138,"loc":{"start":{"line":138,"column":18},"end":{"line":138,"column":38}}},"17":{"name":"createAssemblerFor","line":146,"loc":{"start":{"line":146,"column":16},"end":{"line":146,"column":53}}}},"statementMap":{"1":{"start":{"line":9,"column":0},"end":{"line":9,"column":26}},"2":{"start":{"line":10,"column":0},"end":{"line":10,"column":27}},"3":{"start":{"line":11,"column":0},"end":{"line":11,"column":29}},"4":{"start":{"line":12,"column":0},"end":{"line":12,"column":31}},"5":{"start":{"line":14,"column":0},"end":{"line":14,"column":65}},"6":{"start":{"line":15,"column":0},"end":{"line":15,"column":81}},"7":{"start":{"line":17,"column":0},"end":{"line":17,"column":85}},"8":{"start":{"line":18,"column":0},"end":{"line":18,"column":51}},"9":{"start":{"line":20,"column":0},"end":{"line":144,"column":1}},"10":{"start":{"line":21,"column":2},"end":{"line":21,"column":18}},"11":{"start":{"line":22,"column":2},"end":{"line":22,"column":38}},"12":{"start":{"line":23,"column":2},"end":{"line":23,"column":34}},"13":{"start":{"line":24,"column":2},"end":{"line":24,"column":56}},"14":{"start":{"line":25,"column":2},"end":{"line":26,"column":24}},"15":{"start":{"line":28,"column":2},"end":{"line":29,"column":103}},"16":{"start":{"line":29,"column":4},"end":{"line":29,"column":103}},"17":{"start":{"line":31,"column":2},"end":{"line":31,"column":87}},"18":{"start":{"line":32,"column":2},"end":{"line":32,"column":74}},"19":{"start":{"line":35,"column":2},"end":{"line":47,"column":3}},"20":{"start":{"line":36,"column":4},"end":{"line":46,"column":6}},"21":{"start":{"line":37,"column":6},"end":{"line":45,"column":9}},"22":{"start":{"line":42,"column":8},"end":{"line":42,"column":36}},"23":{"start":{"line":44,"column":8},"end":{"line":44,"column":27}},"24":{"start":{"line":51,"column":2},"end":{"line":62,"column":3}},"25":{"start":{"line":52,"column":4},"end":{"line":61,"column":6}},"26":{"start":{"line":53,"column":6},"end":{"line":56,"column":7}},"27":{"start":{"line":54,"column":8},"end":{"line":54,"column":22}},"28":{"start":{"line":55,"column":8},"end":{"line":55,"column":15}},"29":{"start":{"line":57,"column":6},"end":{"line":58,"column":66}},"30":{"start":{"line":58,"column":8},"end":{"line":58,"column":66}},"31":{"start":{"line":59,"column":6},"end":{"line":59,"column":32}},"32":{"start":{"line":60,"column":6},"end":{"line":60,"column":13}},"33":{"start":{"line":66,"column":2},"end":{"line":69,"column":3}},"34":{"start":{"line":67,"column":4},"end":{"line":68,"column":29}},"35":{"start":{"line":71,"column":2},"end":{"line":76,"column":3}},"36":{"start":{"line":73,"column":4},"end":{"line":75,"column":7}},"37":{"start":{"line":74,"column":6},"end":{"line":74,"column":32}},"38":{"start":{"line":78,"column":2},"end":{"line":124,"column":3}},"39":{"start":{"line":79,"column":4},"end":{"line":123,"column":5}},"40":{"start":{"line":80,"column":6},"end":{"line":80,"column":80}},"41":{"start":{"line":81,"column":6},"end":{"line":81,"column":54}},"42":{"start":{"line":83,"column":6},"end":{"line":97,"column":7}},"43":{"start":{"line":84,"column":8},"end":{"line":85,"column":52}},"44":{"start":{"line":85,"column":10},"end":{"line":85,"column":52}},"45":{"start":{"line":87,"column":8},"end":{"line":87,"column":67}},"46":{"start":{"line":90,"column":8},"end":{"line":93,"column":9}},"47":{"start":{"line":91,"column":10},"end":{"line":91,"column":33}},"48":{"start":{"line":92,"column":10},"end":{"line":92,"column":17}},"49":{"start":{"line":96,"column":8},"end":{"line":96,"column":59}},"50":{"start":{"line":99,"column":6},"end":{"line":100,"column":78}},"51":{"start":{"line":103,"column":6},"end":{"line":103,"column":64}},"52":{"start":{"line":106,"column":6},"end":{"line":116,"column":9}},"53":{"start":{"line":107,"column":8},"end":{"line":110,"column":9}},"54":{"start":{"line":108,"column":10},"end":{"line":108,"column":24}},"55":{"start":{"line":109,"column":10},"end":{"line":109,"column":17}},"56":{"start":{"line":113,"column":8},"end":{"line":113,"column":65}},"57":{"start":{"line":115,"column":8},"end":{"line":115,"column":82}},"58":{"start":{"line":119,"column":6},"end":{"line":122,"column":7}},"59":{"start":{"line":120,"column":8},"end":{"line":121,"column":73}},"60":{"start":{"line":126,"column":2},"end":{"line":136,"column":3}},"61":{"start":{"line":127,"column":4},"end":{"line":135,"column":7}},"62":{"start":{"line":128,"column":6},"end":{"line":134,"column":9}},"63":{"start":{"line":129,"column":8},"end":{"line":132,"column":9}},"64":{"start":{"line":130,"column":10},"end":{"line":130,"column":22}},"65":{"start":{"line":131,"column":10},"end":{"line":131,"column":17}},"66":{"start":{"line":133,"column":8},"end":{"line":133,"column":33}},"67":{"start":{"line":138,"column":2},"end":{"line":143,"column":4}},"68":{"start":{"line":139,"column":4},"end":{"line":141,"column":5}},"69":{"start":{"line":140,"column":6},"end":{"line":140,"column":37}},"70":{"start":{"line":142,"column":4},"end":{"line":142,"column":29}},"71":{"start":{"line":146,"column":0},"end":{"line":148,"column":2}},"72":{"start":{"line":147,"column":2},"end":{"line":147,"column":32}},"73":{"start":{"line":150,"column":0},"end":{"line":150,"column":27}}},"branchMap":{"1":{"line":28,"type":"if","locations":[{"start":{"line":28,"column":2},"end":{"line":28,"column":2}},{"start":{"line":28,"column":2},"end":{"line":28,"column":2}}]},"2":{"line":53,"type":"if","locations":[{"start":{"line":53,"column":6},"end":{"line":53,"column":6}},{"start":{"line":53,"column":6},"end":{"line":53,"column":6}}]},"3":{"line":57,"type":"if","locations":[{"start":{"line":57,"column":6},"end":{"line":57,"column":6}},{"start":{"line":57,"column":6},"end":{"line":57,"column":6}}]},"4":{"line":83,"type":"if","locations":[{"start":{"line":83,"column":6},"end":{"line":83,"column":6}},{"start":{"line":83,"column":6},"end":{"line":83,"column":6}}]},"5":{"line":84,"type":"if","locations":[{"start":{"line":84,"column":8},"end":{"line":84,"column":8}},{"start":{"line":84,"column":8},"end":{"line":84,"column":8}}]},"6":{"line":90,"type":"if","locations":[{"start":{"line":90,"column":8},"end":{"line":90,"column":8}},{"start":{"line":90,"column":8},"end":{"line":90,"column":8}}]},"7":{"line":99,"type":"cond-expr","locations":[{"start":{"line":100,"column":8},"end":{"line":100,"column":72}},{"start":{"line":100,"column":75},"end":{"line":100,"column":77}}]},"8":{"line":107,"type":"if","locations":[{"start":{"line":107,"column":8},"end":{"line":107,"column":8}},{"start":{"line":107,"column":8},"end":{"line":107,"column":8}}]},"9":{"line":119,"type":"if","locations":[{"start":{"line":119,"column":6},"end":{"line":119,"column":6}},{"start":{"line":119,"column":6},"end":{"line":119,"column":6}}]},"10":{"line":129,"type":"if","locations":[{"start":{"line":129,"column":8},"end":{"line":129,"column":8}},{"start":{"line":129,"column":8},"end":{"line":129,"column":8}}]},"11":{"line":139,"type":"if","locations":[{"start":{"line":139,"column":4},"end":{"line":139,"column":4}},{"start":{"line":139,"column":4},"end":{"line":139,"column":4}}]},"12":{"line":139,"type":"binary-expr","locations":[{"start":{"line":139,"column":8},"end":{"line":139,"column":30}},{"start":{"line":139,"column":34},"end":{"line":139,"column":60}}]}}},"/Users/oddjobsman/Projects/circuitbox/lib/componentAssemblyStrategyFactory.js":{"path":"/Users/oddjobsman/Projects/circuitbox/lib/componentAssemblyStrategyFactory.js","s":{"1":1,"2":1,"3":1,"4":1,"5":1,"6":34,"7":30,"8":4,"9":4},"b":{"1":[30,4],"2":[30,1],"3":[4,0],"4":[4,1]},"f":{"1":34},"fnMap":{"1":{"name":"getStrategyFor","line":16,"loc":{"start":{"line":16,"column":15},"end":{"line":16,"column":74}}}},"statementMap":{"1":{"start":{"line":9,"column":0},"end":{"line":9,"column":71}},"2":{"start":{"line":10,"column":0},"end":{"line":10,"column":81}},"3":{"start":{"line":12,"column":0},"end":{"line":12,"column":83}},"4":{"start":{"line":13,"column":0},"end":{"line":13,"column":93}},"5":{"start":{"line":15,"column":0},"end":{"line":23,"column":2}},"6":{"start":{"line":17,"column":4},"end":{"line":18,"column":92}},"7":{"start":{"line":18,"column":6},"end":{"line":18,"column":92}},"8":{"start":{"line":20,"column":4},"end":{"line":21,"column":97}},"9":{"start":{"line":21,"column":6},"end":{"line":21,"column":97}}},"branchMap":{"1":{"line":17,"type":"if","locations":[{"start":{"line":17,"column":4},"end":{"line":17,"column":4}},{"start":{"line":17,"column":4},"end":{"line":17,"column":4}}]},"2":{"line":18,"type":"binary-expr","locations":[{"start":{"line":18,"column":71},"end":{"line":18,"column":83}},{"start":{"line":18,"column":87},"end":{"line":18,"column":89}}]},"3":{"line":20,"type":"if","locations":[{"start":{"line":20,"column":4},"end":{"line":20,"column":4}},{"start":{"line":20,"column":4},"end":{"line":20,"column":4}}]},"4":{"line":21,"type":"binary-expr","locations":[{"start":{"line":21,"column":76},"end":{"line":21,"column":88}},{"start":{"line":21,"column":92},"end":{"line":21,"column":94}}]}}},"/Users/oddjobsman/Projects/circuitbox/lib/moduleBasedComponentDefinition.js":{"path":"/Users/oddjobsman/Projects/circuitbox/lib/moduleBasedComponentDefinition.js","s":{"1":1,"2":1,"3":1,"4":9,"5":9,"6":9,"7":9,"8":7,"9":1,"10":1},"b":{"1":[9,0]},"f":{"1":9,"2":7},"fnMap":{"1":{"name":"ModuleBasedComponentDefinition","line":13,"loc":{"start":{"line":13,"column":0},"end":{"line":13,"column":42}}},"2":{"name":"getModuleId","line":19,"loc":{"start":{"line":19,"column":21},"end":{"line":19,"column":44}}}},"statementMap":{"1":{"start":{"line":9,"column":0},"end":{"line":9,"column":31}},"2":{"start":{"line":11,"column":0},"end":{"line":11,"column":59}},"3":{"start":{"line":13,"column":0},"end":{"line":22,"column":1}},"4":{"start":{"line":14,"column":2},"end":{"line":14,"column":18}},"5":{"start":{"line":15,"column":2},"end":{"line":15,"column":35}},"6":{"start":{"line":17,"column":2},"end":{"line":17,"column":42}},"7":{"start":{"line":19,"column":2},"end":{"line":21,"column":4}},"8":{"start":{"line":20,"column":4},"end":{"line":20,"column":28}},"9":{"start":{"line":24,"column":0},"end":{"line":24,"column":68}},"10":{"start":{"line":26,"column":0},"end":{"line":26,"column":48}}},"branchMap":{"1":{"line":15,"type":"binary-expr","locations":[{"start":{"line":15,"column":16},"end":{"line":15,"column":28}},{"start":{"line":15,"column":32},"end":{"line":15,"column":34}}]}}},"/Users/oddjobsman/Projects/circuitbox/lib/simpleComponentAssemblyStrategy.js":{"path":"/Users/oddjobsman/Projects/circuitbox/lib/simpleComponentAssemblyStrategy.js","s":{"1":1,"2":1,"3":1,"4":33,"5":33,"6":1,"7":31,"8":31,"9":31,"10":0,"11":0,"12":31,"13":33,"14":31,"15":31,"16":31,"17":3,"18":31,"19":1,"20":1},"b":{"1":[0,31],"2":[31,0],"3":[3,28]},"f":{"1":33,"2":31,"3":31,"4":31},"fnMap":{"1":{"name":"SimpleComponentAssemblyStrategy","line":13,"loc":{"start":{"line":13,"column":0},"end":{"line":13,"column":76}}},"2":{"name":"createBaseComponent","line":18,"loc":{"start":{"line":18,"column":2},"end":{"line":18,"column":46}}},"3":{"name":"(anonymous_3)","line":21,"loc":{"start":{"line":21,"column":45},"end":{"line":21,"column":71}}},"4":{"name":"buildAssemblySequence","line":31,"loc":{"start":{"line":31,"column":31},"end":{"line":31,"column":64}}}},"statementMap":{"1":{"start":{"line":9,"column":0},"end":{"line":9,"column":31}},"2":{"start":{"line":11,"column":0},"end":{"line":11,"column":71}},"3":{"start":{"line":13,"column":0},"end":{"line":43,"column":1}},"4":{"start":{"line":14,"column":2},"end":{"line":14,"column":18}},"5":{"start":{"line":16,"column":2},"end":{"line":16,"column":74}},"6":{"start":{"line":18,"column":2},"end":{"line":29,"column":3}},"7":{"start":{"line":19,"column":4},"end":{"line":19,"column":59}},"8":{"start":{"line":21,"column":4},"end":{"line":27,"column":7}},"9":{"start":{"line":22,"column":6},"end":{"line":25,"column":7}},"10":{"start":{"line":23,"column":8},"end":{"line":23,"column":27}},"11":{"start":{"line":24,"column":8},"end":{"line":24,"column":15}},"12":{"start":{"line":26,"column":6},"end":{"line":26,"column":56}},"13":{"start":{"line":31,"column":2},"end":{"line":41,"column":4}},"14":{"start":{"line":32,"column":4},"end":{"line":32,"column":22}},"15":{"start":{"line":35,"column":4},"end":{"line":35,"column":39}},"16":{"start":{"line":38,"column":4},"end":{"line":38,"column":76}},"17":{"start":{"line":38,"column":41},"end":{"line":38,"column":76}},"18":{"start":{"line":40,"column":4},"end":{"line":40,"column":20}},"19":{"start":{"line":45,"column":0},"end":{"line":45,"column":75}},"20":{"start":{"line":47,"column":0},"end":{"line":47,"column":49}}},"branchMap":{"1":{"line":22,"type":"if","locations":[{"start":{"line":22,"column":6},"end":{"line":22,"column":6}},{"start":{"line":22,"column":6},"end":{"line":22,"column":6}}]},"2":{"line":26,"type":"binary-expr","locations":[{"start":{"line":26,"column":27},"end":{"line":26,"column":36}},{"start":{"line":26,"column":40},"end":{"line":26,"column":53}}]},"3":{"line":38,"type":"if","locations":[{"start":{"line":38,"column":4},"end":{"line":38,"column":4}},{"start":{"line":38,"column":4},"end":{"line":38,"column":4}}]}}},"/Users/oddjobsman/Projects/circuitbox/lib/componentAssemblyStrategy.js":{"path":"/Users/oddjobsman/Projects/circuitbox/lib/componentAssemblyStrategy.js","s":{"1":1,"2":1,"3":1,"4":64,"5":64,"6":5,"7":64,"8":48,"9":1,"10":48,"11":20,"12":3,"13":3,"14":17,"15":17,"16":1,"17":17,"18":28,"19":64,"20":12,"21":12,"22":1,"23":1,"24":1,"25":10,"26":1,"27":1,"28":9,"29":11,"30":4,"31":4,"32":7,"33":7,"34":1,"35":64,"36":2,"37":64,"38":37,"39":36,"40":1},"b":{"1":[1,47],"2":[20,28],"3":[3,17],"4":[1,11],"5":[1,9],"6":[9,2],"7":[4,7]},"f":{"1":64,"2":5,"3":48,"4":12,"5":10,"6":2,"7":37,"8":36},"fnMap":{"1":{"name":"ComponentAssemblyStrategy","line":13,"loc":{"start":{"line":13,"column":0},"end":{"line":13,"column":70}}},"2":{"name":"(anonymous_2)","line":17,"loc":{"start":{"line":17,"column":9},"end":{"line":17,"column":21}}},"3":{"name":"processBaseComponent","line":22,"loc":{"start":{"line":22,"column":30},"end":{"line":22,"column":85}}},"4":{"name":"runInitializer","line":46,"loc":{"start":{"line":46,"column":24},"end":{"line":46,"column":74}}},"5":{"name":"safeReturnValueHandler","line":54,"loc":{"start":{"line":54,"column":4},"end":{"line":54,"column":49}}},"6":{"name":"buildAssemblySequence","line":76,"loc":{"start":{"line":76,"column":31},"end":{"line":76,"column":64}}},"7":{"name":"(anonymous_7)","line":80,"loc":{"start":{"line":80,"column":18},"end":{"line":80,"column":38}}},"8":{"name":"(anonymous_8)","line":82,"loc":{"start":{"line":82,"column":50},"end":{"line":82,"column":73}}}},"statementMap":{"1":{"start":{"line":9,"column":0},"end":{"line":9,"column":29}},"2":{"start":{"line":11,"column":0},"end":{"line":11,"column":26}},"3":{"start":{"line":13,"column":0},"end":{"line":86,"column":1}},"4":{"start":{"line":14,"column":2},"end":{"line":14,"column":18}},"5":{"start":{"line":16,"column":2},"end":{"line":20,"column":5}},"6":{"start":{"line":18,"column":6},"end":{"line":18,"column":26}},"7":{"start":{"line":22,"column":2},"end":{"line":44,"column":4}},"8":{"start":{"line":23,"column":4},"end":{"line":25,"column":5}},"9":{"start":{"line":24,"column":6},"end":{"line":24,"column":27}},"10":{"start":{"line":27,"column":4},"end":{"line":41,"column":5}},"11":{"start":{"line":30,"column":6},"end":{"line":33,"column":7}},"12":{"start":{"line":31,"column":8},"end":{"line":31,"column":46}},"13":{"start":{"line":32,"column":8},"end":{"line":32,"column":15}},"14":{"start":{"line":35,"column":6},"end":{"line":39,"column":7}},"15":{"start":{"line":36,"column":8},"end":{"line":36,"column":52}},"16":{"start":{"line":38,"column":8},"end":{"line":38,"column":20}},"17":{"start":{"line":40,"column":6},"end":{"line":40,"column":13}},"18":{"start":{"line":43,"column":4},"end":{"line":43,"column":34}},"19":{"start":{"line":46,"column":2},"end":{"line":74,"column":4}},"20":{"start":{"line":47,"column":4},"end":{"line":47,"column":54}},"21":{"start":{"line":49,"column":4},"end":{"line":52,"column":5}},"22":{"start":{"line":50,"column":6},"end":{"line":50,"column":37}},"23":{"start":{"line":51,"column":6},"end":{"line":51,"column":13}},"24":{"start":{"line":54,"column":4},"end":{"line":61,"column":5}},"25":{"start":{"line":55,"column":6},"end":{"line":58,"column":7}},"26":{"start":{"line":56,"column":8},"end":{"line":56,"column":27}},"27":{"start":{"line":57,"column":8},"end":{"line":57,"column":15}},"28":{"start":{"line":60,"column":6},"end":{"line":60,"column":49}},"29":{"start":{"line":64,"column":4},"end":{"line":67,"column":5}},"30":{"start":{"line":65,"column":6},"end":{"line":65,"column":72}},"31":{"start":{"line":66,"column":6},"end":{"line":66,"column":13}},"32":{"start":{"line":69,"column":4},"end":{"line":73,"column":5}},"33":{"start":{"line":70,"column":6},"end":{"line":70,"column":78}},"34":{"start":{"line":72,"column":6},"end":{"line":72,"column":23}},"35":{"start":{"line":76,"column":2},"end":{"line":78,"column":4}},"36":{"start":{"line":77,"column":4},"end":{"line":77,"column":49}},"37":{"start":{"line":80,"column":2},"end":{"line":85,"column":4}},"38":{"start":{"line":82,"column":4},"end":{"line":84,"column":7}},"39":{"start":{"line":83,"column":6},"end":{"line":83,"column":28}},"40":{"start":{"line":88,"column":0},"end":{"line":88,"column":43}}},"branchMap":{"1":{"line":23,"type":"if","locations":[{"start":{"line":23,"column":4},"end":{"line":23,"column":4}},{"start":{"line":23,"column":4},"end":{"line":23,"column":4}}]},"2":{"line":27,"type":"if","locations":[{"start":{"line":27,"column":4},"end":{"line":27,"column":4}},{"start":{"line":27,"column":4},"end":{"line":27,"column":4}}]},"3":{"line":30,"type":"if","locations":[{"start":{"line":30,"column":6},"end":{"line":30,"column":6}},{"start":{"line":30,"column":6},"end":{"line":30,"column":6}}]},"4":{"line":49,"type":"if","locations":[{"start":{"line":49,"column":4},"end":{"line":49,"column":4}},{"start":{"line":49,"column":4},"end":{"line":49,"column":4}}]},"5":{"line":55,"type":"if","locations":[{"start":{"line":55,"column":6},"end":{"line":55,"column":6}},{"start":{"line":55,"column":6},"end":{"line":55,"column":6}}]},"6":{"line":60,"type":"binary-expr","locations":[{"start":{"line":60,"column":27},"end":{"line":60,"column":33}},{"start":{"line":60,"column":37},"end":{"line":60,"column":46}}]},"7":{"line":64,"type":"if","locations":[{"start":{"line":64,"column":4},"end":{"line":64,"column":4}},{"start":{"line":64,"column":4},"end":{"line":64,"column":4}}]}}},"/Users/oddjobsman/Projects/circuitbox/lib/moduleBasedComponentAssemblyStrategy.js":{"path":"/Users/oddjobsman/Projects/circuitbox/lib/moduleBasedComponentAssemblyStrategy.js","s":{"1":1,"2":1,"3":1,"4":7,"5":7,"6":1,"7":5,"8":5,"9":5,"10":5,"11":5,"12":5,"13":0,"14":0,"15":5,"16":0,"17":7,"18":5,"19":5,"20":5,"21":1,"22":5,"23":1,"24":1},"b":{"1":[0,5],"2":[5,0],"3":[1,4]},"f":{"1":7,"2":5,"3":5,"4":5},"fnMap":{"1":{"name":"ModuleBasedComponentAssemblyStrategy","line":13,"loc":{"start":{"line":13,"column":0},"end":{"line":13,"column":81}}},"2":{"name":"createBaseComponent","line":18,"loc":{"start":{"line":18,"column":2},"end":{"line":18,"column":46}}},"3":{"name":"(anonymous_3)","line":26,"loc":{"start":{"line":26,"column":47},"end":{"line":26,"column":73}}},"4":{"name":"buildAssemblySequence","line":39,"loc":{"start":{"line":39,"column":31},"end":{"line":39,"column":64}}}},"statementMap":{"1":{"start":{"line":9,"column":0},"end":{"line":9,"column":31}},"2":{"start":{"line":11,"column":0},"end":{"line":11,"column":71}},"3":{"start":{"line":13,"column":0},"end":{"line":51,"column":1}},"4":{"start":{"line":14,"column":2},"end":{"line":14,"column":18}},"5":{"start":{"line":16,"column":2},"end":{"line":16,"column":74}},"6":{"start":{"line":18,"column":2},"end":{"line":37,"column":3}},"7":{"start":{"line":19,"column":4},"end":{"line":19,"column":53}},"8":{"start":{"line":21,"column":4},"end":{"line":21,"column":51}},"9":{"start":{"line":23,"column":4},"end":{"line":36,"column":5}},"10":{"start":{"line":24,"column":6},"end":{"line":24,"column":44}},"11":{"start":{"line":26,"column":6},"end":{"line":32,"column":9}},"12":{"start":{"line":27,"column":8},"end":{"line":30,"column":9}},"13":{"start":{"line":28,"column":10},"end":{"line":28,"column":29}},"14":{"start":{"line":29,"column":10},"end":{"line":29,"column":17}},"15":{"start":{"line":31,"column":8},"end":{"line":31,"column":58}},"16":{"start":{"line":35,"column":6},"end":{"line":35,"column":23}},"17":{"start":{"line":39,"column":2},"end":{"line":49,"column":4}},"18":{"start":{"line":40,"column":4},"end":{"line":40,"column":22}},"19":{"start":{"line":43,"column":4},"end":{"line":43,"column":39}},"20":{"start":{"line":46,"column":4},"end":{"line":46,"column":76}},"21":{"start":{"line":46,"column":41},"end":{"line":46,"column":76}},"22":{"start":{"line":48,"column":4},"end":{"line":48,"column":20}},"23":{"start":{"line":53,"column":0},"end":{"line":53,"column":80}},"24":{"start":{"line":55,"column":0},"end":{"line":55,"column":54}}},"branchMap":{"1":{"line":27,"type":"if","locations":[{"start":{"line":27,"column":8},"end":{"line":27,"column":8}},{"start":{"line":27,"column":8},"end":{"line":27,"column":8}}]},"2":{"line":31,"type":"binary-expr","locations":[{"start":{"line":31,"column":29},"end":{"line":31,"column":38}},{"start":{"line":31,"column":42},"end":{"line":31,"column":55}}]},"3":{"line":46,"type":"if","locations":[{"start":{"line":46,"column":4},"end":{"line":46,"column":4}},{"start":{"line":46,"column":4},"end":{"line":46,"column":4}}]}}},"/Users/oddjobsman/Projects/circuitbox/lib/componentDefinitionBuilder.js":{"path":"/Users/oddjobsman/Projects/circuitbox/lib/componentDefinitionBuilder.js","s":{"1":1,"2":1,"3":1,"4":21,"5":21,"6":21,"7":51,"8":21,"9":6,"10":6,"11":21,"12":11,"13":0,"14":11,"15":9,"16":9,"17":2,"18":1,"19":2,"20":2,"21":1,"22":1,"23":21,"24":6,"25":6,"26":21,"27":3,"28":1},"b":{"1":[0,11],"2":[9,2],"3":[11,10],"4":[1,1],"5":[2,1]},"f":{"1":21,"2":51,"3":6,"4":11,"5":2,"6":6,"7":3},"fnMap":{"1":{"name":"ComponentDefinitionBuilder","line":12,"loc":{"start":{"line":12,"column":0},"end":{"line":12,"column":42}}},"2":{"name":"getOptions","line":18,"loc":{"start":{"line":18,"column":9},"end":{"line":18,"column":31}}},"3":{"name":"initializeWith","line":23,"loc":{"start":{"line":23,"column":24},"end":{"line":23,"column":61}}},"4":{"name":"dependsOn","line":28,"loc":{"start":{"line":28,"column":19},"end":{"line":28,"column":52}}},"5":{"name":"(anonymous_5)","line":36,"loc":{"start":{"line":36,"column":57},"end":{"line":36,"column":81}}},"6":{"name":"scopeWith","line":45,"loc":{"start":{"line":45,"column":15},"end":{"line":45,"column":41}}},"7":{"name":"buildDefinition","line":50,"loc":{"start":{"line":50,"column":15},"end":{"line":50,"column":42}}}},"statementMap":{"1":{"start":{"line":9,"column":0},"end":{"line":9,"column":26}},"2":{"start":{"line":10,"column":0},"end":{"line":10,"column":59}},"3":{"start":{"line":12,"column":0},"end":{"line":53,"column":1}},"4":{"start":{"line":13,"column":2},"end":{"line":13,"column":18}},"5":{"start":{"line":15,"column":2},"end":{"line":15,"column":31}},"6":{"start":{"line":17,"column":2},"end":{"line":21,"column":5}},"7":{"start":{"line":19,"column":6},"end":{"line":19,"column":21}},"8":{"start":{"line":23,"column":2},"end":{"line":26,"column":4}},"9":{"start":{"line":24,"column":4},"end":{"line":24,"column":38}},"10":{"start":{"line":25,"column":4},"end":{"line":25,"column":16}},"11":{"start":{"line":28,"column":2},"end":{"line":43,"column":4}},"12":{"start":{"line":29,"column":4},"end":{"line":30,"column":18}},"13":{"start":{"line":30,"column":6},"end":{"line":30,"column":18}},"14":{"start":{"line":31,"column":4},"end":{"line":34,"column":5}},"15":{"start":{"line":32,"column":6},"end":{"line":32,"column":42}},"16":{"start":{"line":33,"column":6},"end":{"line":33,"column":18}},"17":{"start":{"line":35,"column":4},"end":{"line":41,"column":5}},"18":{"start":{"line":36,"column":6},"end":{"line":39,"column":21}},"19":{"start":{"line":37,"column":8},"end":{"line":37,"column":33}},"20":{"start":{"line":38,"column":8},"end":{"line":38,"column":22}},"21":{"start":{"line":40,"column":6},"end":{"line":40,"column":34}},"22":{"start":{"line":42,"column":4},"end":{"line":42,"column":48}},"23":{"start":{"line":45,"column":2},"end":{"line":48,"column":4}},"24":{"start":{"line":46,"column":4},"end":{"line":46,"column":26}},"25":{"start":{"line":47,"column":4},"end":{"line":47,"column":16}},"26":{"start":{"line":50,"column":2},"end":{"line":52,"column":4}},"27":{"start":{"line":51,"column":4},"end":{"line":51,"column":44}},"28":{"start":{"line":55,"column":0},"end":{"line":55,"column":44}}},"branchMap":{"1":{"line":29,"type":"if","locations":[{"start":{"line":29,"column":4},"end":{"line":29,"column":4}},{"start":{"line":29,"column":4},"end":{"line":29,"column":4}}]},"2":{"line":31,"type":"if","locations":[{"start":{"line":31,"column":4},"end":{"line":31,"column":4}},{"start":{"line":31,"column":4},"end":{"line":31,"column":4}}]},"3":{"line":31,"type":"binary-expr","locations":[{"start":{"line":31,"column":8},"end":{"line":31,"column":30}},{"start":{"line":31,"column":34},"end":{"line":31,"column":57}}]},"4":{"line":35,"type":"if","locations":[{"start":{"line":35,"column":4},"end":{"line":35,"column":4}},{"start":{"line":35,"column":4},"end":{"line":35,"column":4}}]},"5":{"line":35,"type":"binary-expr","locations":[{"start":{"line":35,"column":8},"end":{"line":35,"column":30}},{"start":{"line":35,"column":34},"end":{"line":35,"column":58}}]}}},"/Users/oddjobsman/Projects/circuitbox/lib/simpleComponentDefinitionBuilder.js":{"path":"/Users/oddjobsman/Projects/circuitbox/lib/simpleComponentDefinitionBuilder.js","s":{"1":1,"2":1,"3":1,"4":1,"5":14,"6":14,"7":14,"8":14,"9":11,"10":1,"11":1},"b":{},"f":{"1":14,"2":11},"fnMap":{"1":{"name":"SimpleComponentDefinitionBuilder","line":14,"loc":{"start":{"line":14,"column":0},"end":{"line":14,"column":56}}},"2":{"name":"buildDefinition","line":21,"loc":{"start":{"line":21,"column":15},"end":{"line":21,"column":42}}}},"statementMap":{"1":{"start":{"line":9,"column":0},"end":{"line":9,"column":31}},"2":{"start":{"line":11,"column":0},"end":{"line":11,"column":71}},"3":{"start":{"line":12,"column":0},"end":{"line":12,"column":73}},"4":{"start":{"line":14,"column":0},"end":{"line":24,"column":1}},"5":{"start":{"line":15,"column":2},"end":{"line":15,"column":18}},"6":{"start":{"line":17,"column":2},"end":{"line":17,"column":46}},"7":{"start":{"line":19,"column":2},"end":{"line":19,"column":34}},"8":{"start":{"line":21,"column":2},"end":{"line":23,"column":4}},"9":{"start":{"line":22,"column":4},"end":{"line":22,"column":55}},"10":{"start":{"line":26,"column":0},"end":{"line":26,"column":77}},"11":{"start":{"line":28,"column":0},"end":{"line":28,"column":50}}},"branchMap":{}},"/Users/oddjobsman/Projects/circuitbox/lib/moduleBasedComponentDefinitionBuilder.js":{"path":"/Users/oddjobsman/Projects/circuitbox/lib/moduleBasedComponentDefinitionBuilder.js","s":{"1":1,"2":1,"3":1,"4":1,"5":4,"6":4,"7":4,"8":4,"9":3,"10":1,"11":1},"b":{},"f":{"1":4,"2":3},"fnMap":{"1":{"name":"ModuleBasedComponentDefinitionBuilder","line":14,"loc":{"start":{"line":14,"column":0},"end":{"line":14,"column":63}}},"2":{"name":"buildDefinition","line":21,"loc":{"start":{"line":21,"column":15},"end":{"line":21,"column":42}}}},"statementMap":{"1":{"start":{"line":9,"column":0},"end":{"line":9,"column":31}},"2":{"start":{"line":11,"column":0},"end":{"line":11,"column":81}},"3":{"start":{"line":12,"column":0},"end":{"line":12,"column":73}},"4":{"start":{"line":14,"column":0},"end":{"line":24,"column":1}},"5":{"start":{"line":15,"column":2},"end":{"line":15,"column":18}},"6":{"start":{"line":17,"column":2},"end":{"line":17,"column":46}},"7":{"start":{"line":19,"column":2},"end":{"line":19,"column":35}},"8":{"start":{"line":21,"column":2},"end":{"line":23,"column":4}},"9":{"start":{"line":22,"column":4},"end":{"line":22,"column":60}},"10":{"start":{"line":26,"column":0},"end":{"line":26,"column":82}},"11":{"start":{"line":28,"column":0},"end":{"line":28,"column":55}}},"branchMap":{}},"/Users/oddjobsman/Projects/circuitbox/lib/componentDefinitionBuilderFactory.js":{"path":"/Users/oddjobsman/Projects/circuitbox/lib/componentDefinitionBuilderFactory.js","s":{"1":1,"2":1,"3":1,"4":1,"5":1,"6":18,"7":45,"8":16,"9":16,"10":16,"11":1,"12":1,"13":1},"b":{},"f":{"1":18,"2":45,"3":16,"4":1},"fnMap":{"1":{"name":"ComponentDefinitionBuilderFactory","line":18,"loc":{"start":{"line":18,"column":0},"end":{"line":18,"column":73}}},"2":{"name":"(anonymous_2)","line":20,"loc":{"start":{"line":20,"column":21},"end":{"line":20,"column":52}}},"3":{"name":"(anonymous_3)","line":21,"loc":{"start":{"line":21,"column":19},"end":{"line":21,"column":37}}},"4":{"name":"registerBuilder","line":30,"loc":{"start":{"line":30,"column":52},"end":{"line":30,"column":94}}}},"statementMap":{"1":{"start":{"line":9,"column":0},"end":{"line":9,"column":26}},"2":{"start":{"line":10,"column":0},"end":{"line":10,"column":85}},"3":{"start":{"line":11,"column":0},"end":{"line":11,"column":95}},"4":{"start":{"line":13,"column":0},"end":{"line":16,"column":2}},"5":{"start":{"line":18,"column":0},"end":{"line":28,"column":1}},"6":{"start":{"line":20,"column":2},"end":{"line":26,"column":11}},"7":{"start":{"line":21,"column":4},"end":{"line":25,"column":6}},"8":{"start":{"line":22,"column":6},"end":{"line":22,"column":58}},"9":{"start":{"line":23,"column":6},"end":{"line":23,"column":33}},"10":{"start":{"line":24,"column":6},"end":{"line":24,"column":20}},"11":{"start":{"line":30,"column":0},"end":{"line":32,"column":2}},"12":{"start":{"line":31,"column":2},"end":{"line":31,"column":31}},"13":{"start":{"line":34,"column":0},"end":{"line":34,"column":51}}},"branchMap":{}},"/Users/oddjobsman/Projects/circuitbox/lib/componentRegistry.js":{"path":"/Users/oddjobsman/Projects/circuitbox/lib/componentRegistry.js","s":{"1":1,"2":1,"3":1,"4":1,"5":1,"6":10,"7":10,"8":1,"9":8,"10":13,"11":13,"12":1,"13":12,"14":1,"15":8,"16":15,"17":1,"18":14,"19":10,"20":2,"21":10,"22":8,"23":8,"24":8,"25":7,"26":10,"27":30,"28":30,"29":30,"30":30,"31":16,"32":16,"33":30,"34":10,"35":45,"36":1,"37":44,"38":1},"b":{"1":[1,12],"2":[1,14],"3":[30,20],"4":[1,44]},"f":{"1":10,"2":8,"3":13,"4":8,"5":15,"6":2,"7":8,"8":30,"9":16,"10":16,"11":45},"fnMap":{"1":{"name":"ComponentRegistry","line":15,"loc":{"start":{"line":15,"column":0},"end":{"line":15,"column":29}}},"2":{"name":"buildDefinitions","line":19,"loc":{"start":{"line":19,"column":2},"end":{"line":19,"column":41}}},"3":{"name":"buildDefinition","line":20,"loc":{"start":{"line":20,"column":24},"end":{"line":20,"column":68}}},"4":{"name":"createRegistryView","line":31,"loc":{"start":{"line":31,"column":2},"end":{"line":31,"column":45}}},"5":{"name":"registerComponentDefinition","line":33,"loc":{"start":{"line":33,"column":11},"end":{"line":33,"column":63}}},"6":{"name":"getRegisteredDefinitions","line":42,"loc":{"start":{"line":42,"column":9},"end":{"line":42,"column":45}}},"7":{"name":"registerModule","line":47,"loc":{"start":{"line":47,"column":24},"end":{"line":47,"column":56}}},"8":{"name":"assemblyListFor","line":55,"loc":{"start":{"line":55,"column":25},"end":{"line":55,"column":65}}},"9":{"name":"(anonymous_9)","line":66,"loc":{"start":{"line":66,"column":30},"end":{"line":66,"column":52}}},"10":{"name":"(anonymous_10)","line":68,"loc":{"start":{"line":68,"column":12},"end":{"line":68,"column":41}}},"11":{"name":"findDefinitionForComponent","line":76,"loc":{"start":{"line":76,"column":36},"end":{"line":76,"column":87}}}},"statementMap":{"1":{"start":{"line":9,"column":0},"end":{"line":9,"column":26}},"2":{"start":{"line":11,"column":0},"end":{"line":11,"column":69}},"3":{"start":{"line":12,"column":0},"end":{"line":12,"column":81}},"4":{"start":{"line":13,"column":0},"end":{"line":13,"column":87}},"5":{"start":{"line":15,"column":0},"end":{"line":81,"column":1}},"6":{"start":{"line":16,"column":2},"end":{"line":16,"column":18}},"7":{"start":{"line":17,"column":2},"end":{"line":17,"column":33}},"8":{"start":{"line":19,"column":2},"end":{"line":29,"column":3}},"9":{"start":{"line":20,"column":4},"end":{"line":28,"column":7}},"10":{"start":{"line":21,"column":6},"end":{"line":21,"column":57}},"11":{"start":{"line":23,"column":6},"end":{"line":25,"column":45}},"12":{"start":{"line":24,"column":8},"end":{"line":25,"column":45}},"13":{"start":{"line":27,"column":6},"end":{"line":27,"column":71}},"14":{"start":{"line":31,"column":2},"end":{"line":39,"column":3}},"15":{"start":{"line":32,"column":4},"end":{"line":38,"column":6}},"16":{"start":{"line":34,"column":8},"end":{"line":35,"column":104}},"17":{"start":{"line":35,"column":10},"end":{"line":35,"column":104}},"18":{"start":{"line":36,"column":8},"end":{"line":36,"column":83}},"19":{"start":{"line":41,"column":2},"end":{"line":45,"column":5}},"20":{"start":{"line":43,"column":6},"end":{"line":43,"column":49}},"21":{"start":{"line":47,"column":2},"end":{"line":53,"column":4}},"22":{"start":{"line":49,"column":4},"end":{"line":49,"column":33}},"23":{"start":{"line":50,"column":4},"end":{"line":50,"column":65}},"24":{"start":{"line":51,"column":4},"end":{"line":51,"column":42}},"25":{"start":{"line":52,"column":4},"end":{"line":52,"column":16}},"26":{"start":{"line":55,"column":2},"end":{"line":74,"column":4}},"27":{"start":{"line":57,"column":4},"end":{"line":57,"column":77}},"28":{"start":{"line":60,"column":4},"end":{"line":60,"column":46}},"29":{"start":{"line":61,"column":4},"end":{"line":61,"column":64}},"30":{"start":{"line":66,"column":4},"end":{"line":71,"column":7}},"31":{"start":{"line":67,"column":6},"end":{"line":67,"column":46}},"32":{"start":{"line":70,"column":6},"end":{"line":70,"column":54}},"33":{"start":{"line":73,"column":4},"end":{"line":73,"column":18}},"34":{"start":{"line":76,"column":2},"end":{"line":80,"column":4}},"35":{"start":{"line":77,"column":4},"end":{"line":78,"column":62}},"36":{"start":{"line":78,"column":6},"end":{"line":78,"column":62}},"37":{"start":{"line":79,"column":4},"end":{"line":79,"column":48}},"38":{"start":{"line":83,"column":0},"end":{"line":83,"column":35}}},"branchMap":{"1":{"line":23,"type":"if","locations":[{"start":{"line":23,"column":6},"end":{"line":23,"column":6}},{"start":{"line":23,"column":6},"end":{"line":23,"column":6}}]},"2":{"line":34,"type":"if","locations":[{"start":{"line":34,"column":8},"end":{"line":34,"column":8}},{"start":{"line":34,"column":8},"end":{"line":34,"column":8}}]},"3":{"line":61,"type":"binary-expr","locations":[{"start":{"line":61,"column":24},"end":{"line":61,"column":56}},{"start":{"line":61,"column":60},"end":{"line":61,"column":62}}]},"4":{"line":77,"type":"if","locations":[{"start":{"line":77,"column":4},"end":{"line":77,"column":4}},{"start":{"line":77,"column":4},"end":{"line":77,"column":4}}]}}},"/Users/oddjobsman/Projects/circuitbox/lib/configuration.js":{"path":"/Users/oddjobsman/Projects/circuitbox/lib/configuration.js","s":{"1":1,"2":1,"3":1,"4":1,"5":7,"6":7,"7":1,"8":4,"9":0,"10":4,"11":7,"12":1,"13":7,"14":1,"15":6,"16":7,"17":2,"18":7,"19":4,"20":1},"b":{"1":[7,0],"2":[0,4],"3":[1,6],"4":[1,6],"5":[2,5],"6":[4,3]},"f":{"1":7,"2":4,"3":7},"fnMap":{"1":{"name":"Configuration","line":14,"loc":{"start":{"line":14,"column":0},"end":{"line":14,"column":25}}},"2":{"name":"registerModules","line":18,"loc":{"start":{"line":18,"column":2},"end":{"line":18,"column":36}}},"3":{"name":"processModule","line":21,"loc":{"start":{"line":21,"column":20},"end":{"line":21,"column":51}}}},"statementMap":{"1":{"start":{"line":9,"column":0},"end":{"line":9,"column":26}},"2":{"start":{"line":11,"column":0},"end":{"line":11,"column":31}},"3":{"start":{"line":12,"column":0},"end":{"line":12,"column":69}},"4":{"start":{"line":14,"column":0},"end":{"line":39,"column":1}},"5":{"start":{"line":15,"column":2},"end":{"line":15,"column":32}},"6":{"start":{"line":16,"column":2},"end":{"line":16,"column":35}},"7":{"start":{"line":18,"column":2},"end":{"line":30,"column":3}},"8":{"start":{"line":19,"column":4},"end":{"line":19,"column":32}},"9":{"start":{"line":19,"column":25},"end":{"line":19,"column":32}},"10":{"start":{"line":21,"column":4},"end":{"line":29,"column":7}},"11":{"start":{"line":23,"column":6},"end":{"line":23,"column":82}},"12":{"start":{"line":23,"column":30},"end":{"line":23,"column":82}},"13":{"start":{"line":25,"column":6},"end":{"line":26,"column":112}},"14":{"start":{"line":26,"column":8},"end":{"line":26,"column":112}},"15":{"start":{"line":28,"column":6},"end":{"line":28,"column":40}},"16":{"start":{"line":32,"column":2},"end":{"line":34,"column":3}},"17":{"start":{"line":33,"column":4},"end":{"line":33,"column":37}},"18":{"start":{"line":36,"column":2},"end":{"line":38,"column":3}},"19":{"start":{"line":37,"column":4},"end":{"line":37,"column":37}},"20":{"start":{"line":41,"column":0},"end":{"line":41,"column":31}}},"branchMap":{"1":{"line":16,"type":"binary-expr","locations":[{"start":{"line":16,"column":16},"end":{"line":16,"column":28}},{"start":{"line":16,"column":32},"end":{"line":16,"column":34}}]},"2":{"line":19,"type":"if","locations":[{"start":{"line":19,"column":4},"end":{"line":19,"column":4}},{"start":{"line":19,"column":4},"end":{"line":19,"column":4}}]},"3":{"line":23,"type":"if","locations":[{"start":{"line":23,"column":6},"end":{"line":23,"column":6}},{"start":{"line":23,"column":6},"end":{"line":23,"column":6}}]},"4":{"line":25,"type":"if","locations":[{"start":{"line":25,"column":6},"end":{"line":25,"column":6}},{"start":{"line":25,"column":6},"end":{"line":25,"column":6}}]},"5":{"line":32,"type":"if","locations":[{"start":{"line":32,"column":2},"end":{"line":32,"column":2}},{"start":{"line":32,"column":2},"end":{"line":32,"column":2}}]},"6":{"line":36,"type":"if","locations":[{"start":{"line":36,"column":2},"end":{"line":36,"column":2}},{"start":{"line":36,"column":2},"end":{"line":36,"column":2}}]}}},"/Users/oddjobsman/Projects/circuitbox/lib/kernel.js":{"path":"/Users/oddjobsman/Projects/circuitbox/lib/kernel.js","s":{"1":1,"2":1,"3":1,"4":1,"5":1,"6":1,"7":1,"8":1,"9":6,"10":6,"11":6,"12":3,"13":3,"14":3,"15":3,"16":3,"17":3,"18":3,"19":7,"20":7,"21":6,"22":1,"23":6,"24":6,"25":6,"26":12,"27":6,"28":6,"29":3,"30":1,"31":3,"32":1,"33":1,"34":1,"35":3,"36":3,"37":0,"38":0,"39":3,"40":3,"41":1,"42":2,"43":3,"44":4,"45":4,"46":1,"47":3,"48":3,"49":3,"50":1,"51":1,"52":1,"53":0,"54":0,"55":1,"56":2,"57":1},"b":{"1":[6,1],"2":[3,3],"3":[6,1],"4":[12,6],"5":[1,3],"6":[4,1],"7":[3,0],"8":[1,2],"9":[3,2],"10":[0,1]},"f":{"1":6,"2":7,"3":6,"4":12,"5":6,"6":6,"7":3,"8":1,"9":1,"10":3,"11":1,"12":2,"13":4,"14":1,"15":1},"fnMap":{"1":{"name":"Kernel","line":20,"loc":{"start":{"line":20,"column":0},"end":{"line":20,"column":18}}},"2":{"name":"findSingleton","line":37,"loc":{"start":{"line":37,"column":19},"end":{"line":37,"column":48}}},"3":{"name":"storeSingleton","line":42,"loc":{"start":{"line":42,"column":20},"end":{"line":42,"column":61}}},"4":{"name":"isQueuedForAssembly","line":47,"loc":{"start":{"line":47,"column":25},"end":{"line":47,"column":60}}},"5":{"name":"enqueueForAssembly","line":50,"loc":{"start":{"line":50,"column":24},"end":{"line":50,"column":58}}},"6":{"name":"(anonymous_6)","line":53,"loc":{"start":{"line":53,"column":24},"end":{"line":53,"column":59}}},"7":{"name":"buildConfiguration","line":59,"loc":{"start":{"line":59,"column":2},"end":{"line":59,"column":39}}},"8":{"name":"(anonymous_8)","line":62,"loc":{"start":{"line":62,"column":15},"end":{"line":62,"column":31}}},"9":{"name":"(anonymous_9)","line":65,"loc":{"start":{"line":65,"column":22},"end":{"line":65,"column":40}}},"10":{"name":"initialize","line":71,"loc":{"start":{"line":71,"column":2},"end":{"line":71,"column":41}}},"11":{"name":"getHasComponents","line":83,"loc":{"start":{"line":83,"column":11},"end":{"line":83,"column":39}}},"12":{"name":"getName","line":88,"loc":{"start":{"line":88,"column":11},"end":{"line":88,"column":30}}},"13":{"name":"getComponent","line":94,"loc":{"start":{"line":94,"column":13},"end":{"line":94,"column":60}}},"14":{"name":"(anonymous_14)","line":110,"loc":{"start":{"line":110,"column":26},"end":{"line":110,"column":53}}},"15":{"name":"(anonymous_15)","line":111,"loc":{"start":{"line":111,"column":28},"end":{"line":111,"column":51}}}},"statementMap":{"1":{"start":{"line":9,"column":0},"end":{"line":9,"column":50}},"2":{"start":{"line":11,"column":0},"end":{"line":11,"column":26}},"3":{"start":{"line":12,"column":0},"end":{"line":12,"column":27}},"4":{"start":{"line":14,"column":0},"end":{"line":14,"column":47}},"5":{"start":{"line":15,"column":0},"end":{"line":15,"column":55}},"6":{"start":{"line":17,"column":0},"end":{"line":17,"column":51}},"7":{"start":{"line":18,"column":0},"end":{"line":18,"column":39}},"8":{"start":{"line":20,"column":0},"end":{"line":123,"column":1}},"9":{"start":{"line":21,"column":2},"end":{"line":21,"column":35}},"10":{"start":{"line":22,"column":2},"end":{"line":22,"column":30}},"11":{"start":{"line":24,"column":2},"end":{"line":26,"column":3}},"12":{"start":{"line":25,"column":4},"end":{"line":25,"column":41}},"13":{"start":{"line":28,"column":2},"end":{"line":28,"column":18}},"14":{"start":{"line":30,"column":2},"end":{"line":30,"column":31}},"15":{"start":{"line":32,"column":2},"end":{"line":32,"column":22}},"16":{"start":{"line":33,"column":2},"end":{"line":33,"column":34}},"17":{"start":{"line":35,"column":2},"end":{"line":35,"column":41}},"18":{"start":{"line":36,"column":2},"end":{"line":56,"column":4}},"19":{"start":{"line":38,"column":6},"end":{"line":38,"column":36}},"20":{"start":{"line":39,"column":6},"end":{"line":39,"column":31}},"21":{"start":{"line":39,"column":19},"end":{"line":39,"column":31}},"22":{"start":{"line":40,"column":6},"end":{"line":40,"column":20}},"23":{"start":{"line":43,"column":6},"end":{"line":43,"column":35}},"24":{"start":{"line":44,"column":6},"end":{"line":44,"column":42}},"25":{"start":{"line":45,"column":6},"end":{"line":45,"column":56}},"26":{"start":{"line":48,"column":6},"end":{"line":48,"column":51}},"27":{"start":{"line":51,"column":6},"end":{"line":51,"column":42}},"28":{"start":{"line":54,"column":6},"end":{"line":54,"column":62}},"29":{"start":{"line":57,"column":2},"end":{"line":57,"column":27}},"30":{"start":{"line":59,"column":2},"end":{"line":69,"column":3}},"31":{"start":{"line":61,"column":4},"end":{"line":68,"column":16}},"32":{"start":{"line":63,"column":8},"end":{"line":63,"column":21}},"33":{"start":{"line":66,"column":8},"end":{"line":66,"column":40}},"34":{"start":{"line":71,"column":2},"end":{"line":79,"column":3}},"35":{"start":{"line":72,"column":4},"end":{"line":77,"column":5}},"36":{"start":{"line":73,"column":6},"end":{"line":73,"column":50}},"37":{"start":{"line":75,"column":6},"end":{"line":75,"column":18}},"38":{"start":{"line":76,"column":6},"end":{"line":76,"column":13}},"39":{"start":{"line":78,"column":4},"end":{"line":78,"column":25}},"40":{"start":{"line":81,"column":2},"end":{"line":92,"column":5}},"41":{"start":{"line":84,"column":8},"end":{"line":84,"column":38}},"42":{"start":{"line":89,"column":8},"end":{"line":89,"column":21}},"43":{"start":{"line":94,"column":2},"end":{"line":105,"column":4}},"44":{"start":{"line":95,"column":4},"end":{"line":98,"column":8}},"45":{"start":{"line":100,"column":4},"end":{"line":104,"column":5}},"46":{"start":{"line":101,"column":6},"end":{"line":101,"column":35}},"47":{"start":{"line":103,"column":6},"end":{"line":103,"column":34}},"48":{"start":{"line":107,"column":2},"end":{"line":122,"column":3}},"49":{"start":{"line":109,"column":4},"end":{"line":119,"column":5}},"50":{"start":{"line":110,"column":6},"end":{"line":118,"column":9}},"51":{"start":{"line":111,"column":8},"end":{"line":117,"column":11}},"52":{"start":{"line":112,"column":10},"end":{"line":115,"column":11}},"53":{"start":{"line":113,"column":12},"end":{"line":113,"column":24}},"54":{"start":{"line":114,"column":12},"end":{"line":114,"column":19}},"55":{"start":{"line":116,"column":10},"end":{"line":116,"column":26}},"56":{"start":{"line":121,"column":4},"end":{"line":121,"column":34}},"57":{"start":{"line":125,"column":0},"end":{"line":125,"column":24}}},"branchMap":{"1":{"line":21,"type":"binary-expr","locations":[{"start":{"line":21,"column":16},"end":{"line":21,"column":28}},{"start":{"line":21,"column":32},"end":{"line":21,"column":34}}]},"2":{"line":24,"type":"if","locations":[{"start":{"line":24,"column":2},"end":{"line":24,"column":2}},{"start":{"line":24,"column":2},"end":{"line":24,"column":2}}]},"3":{"line":39,"type":"if","locations":[{"start":{"line":39,"column":6},"end":{"line":39,"column":6}},{"start":{"line":39,"column":6},"end":{"line":39,"column":6}}]},"4":{"line":48,"type":"binary-expr","locations":[{"start":{"line":48,"column":13},"end":{"line":48,"column":41}},{"start":{"line":48,"column":45},"end":{"line":48,"column":50}}]},"5":{"line":100,"type":"if","locations":[{"start":{"line":100,"column":4},"end":{"line":100,"column":4}},{"start":{"line":100,"column":4},"end":{"line":100,"column":4}}]},"6":{"line":100,"type":"binary-expr","locations":[{"start":{"line":100,"column":8},"end":{"line":100,"column":16}},{"start":{"line":100,"column":20},"end":{"line":100,"column":42}}]},"7":{"line":107,"type":"if","locations":[{"start":{"line":107,"column":2},"end":{"line":107,"column":2}},{"start":{"line":107,"column":2},"end":{"line":107,"column":2}}]},"8":{"line":109,"type":"if","locations":[{"start":{"line":109,"column":4},"end":{"line":109,"column":4}},{"start":{"line":109,"column":4},"end":{"line":109,"column":4}}]},"9":{"line":109,"type":"binary-expr","locations":[{"start":{"line":109,"column":8},"end":{"line":109,"column":17}},{"start":{"line":109,"column":21},"end":{"line":109,"column":44}}]},"10":{"line":112,"type":"if","locations":[{"start":{"line":112,"column":10},"end":{"line":112,"column":10}},{"start":{"line":112,"column":10},"end":{"line":112,"column":10}}]}}}}