TN:
SF:/Users/oddjobsman/Projects/circuitbox/lib/utils.js
FN:15,enumFor
FN:22,(anonymous_2)
FN:33,(anonymous_3)
FN:46,normalizeModulePath
FNF:4
FNH:4
FNDA:4,enumFor
FNDA:5,(anonymous_2)
FNDA:5,(anonymous_3)
FNDA:10,normalizeModulePath
DA:9,1
DA:10,1
DA:12,1
DA:13,1
DA:15,1
DA:16,4
DA:17,4
DA:19,4
DA:21,2
DA:22,2
DA:23,5
DA:32,2
DA:33,2
DA:34,5
DA:43,2
DA:46,1
DA:48,10
DA:49,1
DA:52,1
LF:19
LH:19
BRDA:19,1,0,2
BRDA:19,1,1,2
BRDA:21,2,0,2
BRDA:21,2,1,0
BRDA:21,3,0,2
BRDA:21,3,1,2
BRDA:32,4,0,2
BRDA:32,4,1,0
BRDA:32,5,0,2
BRDA:32,5,1,2
BRDA:48,6,0,9
BRDA:48,6,1,1
BRF:12
BRH:10
end_of_record
TN:
SF:/Users/oddjobsman/Projects/circuitbox/lib/scopes.js
FNF:0
FNH:0
DA:9,1
LF:1
LH:1
BRF:0
BRH:0
end_of_record
TN:
SF:/Users/oddjobsman/Projects/circuitbox/lib/simpleComponentDefinition.js
FN:13,SimpleComponentDefinition
FN:19,getComponent
FNF:2
FNH:2
FNDA:63,SimpleComponentDefinition
FNDA:33,getComponent
DA:9,1
DA:11,1
DA:13,1
DA:14,63
DA:15,63
DA:17,63
DA:19,63
DA:20,33
DA:24,1
DA:26,1
LF:10
LH:10
BRDA:15,1,0,63
BRDA:15,1,1,0
BRF:2
BRH:1
end_of_record
TN:
SF:/Users/oddjobsman/Projects/circuitbox/lib/componentDefinition.js
FN:15,ComponentDefinition
FN:29,getName
FN:34,getScope
FN:39,isSingleton
FN:44,getInitializer
FN:49,getDependencies
FNF:6
FNH:6
FNDA:83,ComponentDefinition
FNDA:43,getName
FNDA:9,getScope
FNDA:70,isSingleton
FNDA:55,getInitializer
FNDA:35,getDependencies
DA:9,1
DA:10,1
DA:12,1
DA:13,1
DA:15,1
DA:16,83
DA:17,83
DA:18,83
DA:21,83
DA:23,83
DA:24,1
DA:27,82
DA:30,43
DA:35,9
DA:40,70
DA:45,55
DA:50,35
DA:56,1
LF:18
LH:18
BRDA:17,1,0,83
BRDA:17,1,1,0
BRDA:18,2,0,83
BRDA:18,2,1,64
BRDA:21,3,0,83
BRDA:21,3,1,52
BRDA:23,4,0,1
BRDA:23,4,1,82
BRDA:23,5,0,83
BRDA:23,5,1,21
BRF:10
BRH:9
end_of_record
TN:
SF:/Users/oddjobsman/Projects/circuitbox/lib/componentDefinitionError.js
FN:11,ComponentDefinitionError
FNF:1
FNH:1
FNDA:4,ComponentDefinitionError
DA:9,1
DA:11,1
DA:12,4
DA:14,4
DA:16,4
DA:18,4
DA:19,3
DA:20,3
DA:23,4
DA:24,4
DA:25,4
DA:28,1
DA:30,1
LF:13
LH:13
BRDA:16,1,0,1
BRDA:16,1,1,3
BRDA:18,2,0,3
BRDA:18,2,1,1
BRDA:25,3,0,4
BRDA:25,3,1,1
BRF:6
BRH:6
end_of_record
TN:
SF:/Users/oddjobsman/Projects/circuitbox/lib/componentCreationError.js
FN:11,ComponentCreationError
FNF:1
FNH:1
FNDA:2,ComponentCreationError
DA:9,1
DA:11,1
DA:12,2
DA:14,2
DA:16,2
DA:18,2
DA:19,2
DA:20,2
DA:23,2
DA:24,2
DA:25,2
DA:29,1
DA:31,1
LF:13
LH:13
BRDA:16,1,0,0
BRDA:16,1,1,2
BRDA:18,2,0,2
BRDA:18,2,1,0
BRDA:25,3,0,2
BRDA:25,3,1,0
BRF:6
BRH:3
end_of_record
TN:
SF:/Users/oddjobsman/Projects/circuitbox/lib/noSuchComponentDefinitionError.js
FN:11,NoSuchComponentDefinitionError
FNF:1
FNH:1
FNDA:2,NoSuchComponentDefinitionError
DA:9,1
DA:11,1
DA:12,2
DA:14,2
DA:16,2
DA:18,2
DA:19,0
DA:20,0
DA:23,2
DA:24,2
DA:25,2
DA:28,1
DA:30,1
LF:13
LH:11
BRDA:16,1,0,2
BRDA:16,1,1,0
BRDA:18,2,0,0
BRDA:18,2,1,2
BRDA:25,3,0,2
BRDA:25,3,1,2
BRF:6
BRH:4
end_of_record
TN:
SF:/Users/oddjobsman/Projects/circuitbox/lib/assemblyContext.js
FN:9,AssemblyContext
FN:14,getTargetComponentName
FN:19,(anonymous_3)
FN:24,getRegistry
FN:29,getCallBack
FNF:5
FNH:4
FNDA:40,AssemblyContext
FNDA:40,getTargetComponentName
FNDA:40,(anonymous_3)
FNDA:40,getRegistry
FNDA:0,getCallBack
DA:9,1
DA:10,40
DA:12,40
DA:15,40
DA:20,40
DA:25,40
DA:30,0
DA:36,1
LF:8
LH:7
BRDA:10,1,0,40
BRDA:10,1,1,0
BRF:2
BRH:1
end_of_record
TN:
SF:/Users/oddjobsman/Projects/circuitbox/lib/assembler.js
FN:20,Assembler
FN:35,makeAssembler
FN:36,(anonymous_3)
FN:41,(anonymous_4)
FN:43,(anonymous_5)
FN:51,makeProxyCallback
FN:52,proxyCallback
FN:66,assembleComponent
FN:71,waitForSingletonAssembly
FN:73,(anonymous_10)
FN:78,assembleCallback
FN:106,(anonymous_12)
FN:126,assemblePromise
FN:127,(anonymous_14)
FN:128,(anonymous_15)
FN:138,assemble
FN:146,createAssemblerFor
FNF:17
FNH:16
FNDA:40,Assembler
FNDA:24,makeAssembler
FNDA:24,(anonymous_3)
FNDA:24,(anonymous_4)
FNDA:0,(anonymous_5)
FNDA:38,makeProxyCallback
FNDA:30,proxyCallback
FNDA:30,assembleComponent
FNDA:6,waitForSingletonAssembly
FNDA:6,(anonymous_10)
FNDA:43,assembleCallback
FNDA:30,(anonymous_12)
FNDA:38,assemblePromise
FNDA:38,(anonymous_14)
FNDA:34,(anonymous_15)
FNDA:38,assemble
FNDA:40,createAssemblerFor
DA:9,1
DA:10,1
DA:11,1
DA:12,1
DA:14,1
DA:15,1
DA:17,1
DA:18,1
DA:20,1
DA:21,40
DA:22,40
DA:23,40
DA:24,40
DA:25,40
DA:28,40
DA:29,1
DA:31,39
DA:32,39
DA:35,1
DA:36,24
DA:37,24
DA:42,24
DA:44,0
DA:51,1
DA:52,38
DA:53,30
DA:54,0
DA:55,0
DA:57,30
DA:58,8
DA:59,30
DA:60,30
DA:66,1
DA:67,30
DA:71,1
DA:73,6
DA:74,6
DA:78,1
DA:79,43
DA:80,43
DA:81,38
DA:83,38
DA:84,16
DA:85,6
DA:87,10
DA:90,10
DA:91,2
DA:92,2
DA:96,8
DA:99,30
DA:103,30
DA:106,30
DA:107,30
DA:108,0
DA:109,0
DA:113,30
DA:115,30
DA:119,5
DA:120,1
DA:126,1
DA:127,38
DA:128,38
DA:129,34
DA:130,0
DA:131,0
DA:133,34
DA:138,39
DA:139,38
DA:140,5
DA:142,38
DA:146,1
DA:147,40
DA:150,1
LF:73
LH:66
BRDA:28,1,0,1
BRDA:28,1,1,39
BRDA:53,2,0,0
BRDA:53,2,1,30
BRDA:57,3,0,8
BRDA:57,3,1,22
BRDA:83,4,0,16
BRDA:83,4,1,22
BRDA:84,5,0,6
BRDA:84,5,1,10
BRDA:90,6,0,2
BRDA:90,6,1,8
BRDA:99,7,0,11
BRDA:99,7,1,19
BRDA:107,8,0,0
BRDA:107,8,1,30
BRDA:119,9,0,1
BRDA:119,9,1,4
BRDA:129,10,0,0
BRDA:129,10,1,34
BRDA:139,11,0,5
BRDA:139,11,1,33
BRDA:139,12,0,38
BRDA:139,12,1,5
BRF:24
BRH:21
end_of_record
TN:
SF:/Users/oddjobsman/Projects/circuitbox/lib/componentAssemblyStrategyFactory.js
FN:16,getStrategyFor
FNF:1
FNH:1
FNDA:34,getStrategyFor
DA:9,1
DA:10,1
DA:12,1
DA:13,1
DA:15,1
DA:17,34
DA:18,30
DA:20,4
DA:21,4
LF:9
LH:9
BRDA:17,1,0,30
BRDA:17,1,1,4
BRDA:18,2,0,30
BRDA:18,2,1,1
BRDA:20,3,0,4
BRDA:20,3,1,0
BRDA:21,4,0,4
BRDA:21,4,1,1
BRF:8
BRH:7
end_of_record
TN:
SF:/Users/oddjobsman/Projects/circuitbox/lib/moduleBasedComponentDefinition.js
FN:13,ModuleBasedComponentDefinition
FN:19,getModuleId
FNF:2
FNH:2
FNDA:9,ModuleBasedComponentDefinition
FNDA:7,getModuleId
DA:9,1
DA:11,1
DA:13,1
DA:14,9
DA:15,9
DA:17,9
DA:19,9
DA:20,7
DA:24,1
DA:26,1
LF:10
LH:10
BRDA:15,1,0,9
BRDA:15,1,1,0
BRF:2
BRH:1
end_of_record
TN:
SF:/Users/oddjobsman/Projects/circuitbox/lib/simpleComponentAssemblyStrategy.js
FN:13,SimpleComponentAssemblyStrategy
FN:18,createBaseComponent
FN:21,(anonymous_3)
FN:31,buildAssemblySequence
FNF:4
FNH:4
FNDA:33,SimpleComponentAssemblyStrategy
FNDA:31,createBaseComponent
FNDA:31,(anonymous_3)
FNDA:31,buildAssemblySequence
DA:9,1
DA:11,1
DA:13,1
DA:14,33
DA:16,33
DA:18,1
DA:19,31
DA:21,31
DA:22,31
DA:23,0
DA:24,0
DA:26,31
DA:31,33
DA:32,31
DA:35,31
DA:38,31
DA:40,31
DA:45,1
DA:47,1
LF:19
LH:17
BRDA:22,1,0,0
BRDA:22,1,1,31
BRDA:26,2,0,31
BRDA:26,2,1,0
BRDA:38,3,0,3
BRDA:38,3,1,28
BRF:6
BRH:4
end_of_record
TN:
SF:/Users/oddjobsman/Projects/circuitbox/lib/componentAssemblyStrategy.js
FN:13,ComponentAssemblyStrategy
FN:17,(anonymous_2)
FN:22,processBaseComponent
FN:46,runInitializer
FN:54,safeReturnValueHandler
FN:76,buildAssemblySequence
FN:80,(anonymous_7)
FN:82,(anonymous_8)
FNF:8
FNH:8
FNDA:64,ComponentAssemblyStrategy
FNDA:5,(anonymous_2)
FNDA:48,processBaseComponent
FNDA:12,runInitializer
FNDA:10,safeReturnValueHandler
FNDA:2,buildAssemblySequence
FNDA:37,(anonymous_7)
FNDA:36,(anonymous_8)
DA:9,1
DA:11,1
DA:13,1
DA:14,64
DA:16,64
DA:18,5
DA:22,64
DA:23,48
DA:24,1
DA:27,48
DA:30,20
DA:31,3
DA:32,3
DA:35,17
DA:36,17
DA:38,1
DA:40,17
DA:43,28
DA:46,64
DA:47,12
DA:49,12
DA:50,1
DA:51,1
DA:54,1
DA:55,10
DA:56,1
DA:57,1
DA:60,9
DA:64,11
DA:65,4
DA:66,4
DA:69,7
DA:70,7
DA:72,1
DA:76,64
DA:77,2
DA:80,64
DA:82,37
DA:83,36
DA:88,1
LF:40
LH:40
BRDA:23,1,0,1
BRDA:23,1,1,47
BRDA:27,2,0,20
BRDA:27,2,1,28
BRDA:30,3,0,3
BRDA:30,3,1,17
BRDA:49,4,0,1
BRDA:49,4,1,11
BRDA:55,5,0,1
BRDA:55,5,1,9
BRDA:60,6,0,9
BRDA:60,6,1,2
BRDA:64,7,0,4
BRDA:64,7,1,7
BRF:14
BRH:14
end_of_record
TN:
SF:/Users/oddjobsman/Projects/circuitbox/lib/moduleBasedComponentAssemblyStrategy.js
FN:13,ModuleBasedComponentAssemblyStrategy
FN:18,createBaseComponent
FN:26,(anonymous_3)
FN:39,buildAssemblySequence
FNF:4
FNH:4
FNDA:7,ModuleBasedComponentAssemblyStrategy
FNDA:5,createBaseComponent
FNDA:5,(anonymous_3)
FNDA:5,buildAssemblySequence
DA:9,1
DA:11,1
DA:13,1
DA:14,7
DA:16,7
DA:18,1
DA:19,5
DA:21,5
DA:23,5
DA:24,5
DA:26,5
DA:27,5
DA:28,0
DA:29,0
DA:31,5
DA:35,0
DA:39,7
DA:40,5
DA:43,5
DA:46,5
DA:48,5
DA:53,1
DA:55,1
LF:23
LH:20
BRDA:27,1,0,0
BRDA:27,1,1,5
BRDA:31,2,0,5
BRDA:31,2,1,0
BRDA:46,3,0,1
BRDA:46,3,1,4
BRF:6
BRH:4
end_of_record
TN:
SF:/Users/oddjobsman/Projects/circuitbox/lib/componentDefinitionBuilder.js
FN:12,ComponentDefinitionBuilder
FN:18,getOptions
FN:23,initializeWith
FN:28,dependsOn
FN:36,(anonymous_5)
FN:45,scopeWith
FN:50,buildDefinition
FNF:7
FNH:7
FNDA:21,ComponentDefinitionBuilder
FNDA:51,getOptions
FNDA:6,initializeWith
FNDA:11,dependsOn
FNDA:2,(anonymous_5)
FNDA:6,scopeWith
FNDA:3,buildDefinition
DA:9,1
DA:10,1
DA:12,1
DA:13,21
DA:15,21
DA:17,21
DA:19,51
DA:23,21
DA:24,6
DA:25,6
DA:28,21
DA:29,11
DA:30,0
DA:31,11
DA:32,9
DA:33,9
DA:35,2
DA:36,1
DA:37,2
DA:38,2
DA:40,1
DA:42,1
DA:45,21
DA:46,6
DA:47,6
DA:50,21
DA:51,3
DA:55,1
LF:28
LH:27
BRDA:29,1,0,0
BRDA:29,1,1,11
BRDA:31,2,0,9
BRDA:31,2,1,2
BRDA:31,3,0,11
BRDA:31,3,1,10
BRDA:35,4,0,1
BRDA:35,4,1,1
BRDA:35,5,0,2
BRDA:35,5,1,1
BRF:10
BRH:9
end_of_record
TN:
SF:/Users/oddjobsman/Projects/circuitbox/lib/simpleComponentDefinitionBuilder.js
FN:14,SimpleComponentDefinitionBuilder
FN:21,buildDefinition
FNF:2
FNH:2
FNDA:14,SimpleComponentDefinitionBuilder
FNDA:11,buildDefinition
DA:9,1
DA:11,1
DA:12,1
DA:14,1
DA:15,14
DA:17,14
DA:19,14
DA:21,14
DA:22,11
DA:26,1
DA:28,1
LF:11
LH:11
BRF:0
BRH:0
end_of_record
TN:
SF:/Users/oddjobsman/Projects/circuitbox/lib/moduleBasedComponentDefinitionBuilder.js
FN:14,ModuleBasedComponentDefinitionBuilder
FN:21,buildDefinition
FNF:2
FNH:2
FNDA:4,ModuleBasedComponentDefinitionBuilder
FNDA:3,buildDefinition
DA:9,1
DA:11,1
DA:12,1
DA:14,1
DA:15,4
DA:17,4
DA:19,4
DA:21,4
DA:22,3
DA:26,1
DA:28,1
LF:11
LH:11
BRF:0
BRH:0
end_of_record
TN:
SF:/Users/oddjobsman/Projects/circuitbox/lib/componentDefinitionBuilderFactory.js
FN:18,ComponentDefinitionBuilderFactory
FN:20,(anonymous_2)
FN:21,(anonymous_3)
FN:30,registerBuilder
FNF:4
FNH:4
FNDA:18,ComponentDefinitionBuilderFactory
FNDA:45,(anonymous_2)
FNDA:16,(anonymous_3)
FNDA:1,registerBuilder
DA:9,1
DA:10,1
DA:11,1
DA:13,1
DA:18,1
DA:20,18
DA:21,45
DA:22,16
DA:23,16
DA:24,16
DA:30,1
DA:31,1
DA:34,1
LF:13
LH:13
BRF:0
BRH:0
end_of_record
TN:
SF:/Users/oddjobsman/Projects/circuitbox/lib/componentRegistry.js
FN:15,ComponentRegistry
FN:19,buildDefinitions
FN:20,buildDefinition
FN:31,createRegistryView
FN:33,registerComponentDefinition
FN:42,getRegisteredDefinitions
FN:47,registerModule
FN:55,assemblyListFor
FN:66,(anonymous_9)
FN:68,(anonymous_10)
FN:76,findDefinitionForComponent
FNF:11
FNH:11
FNDA:10,ComponentRegistry
FNDA:8,buildDefinitions
FNDA:13,buildDefinition
FNDA:8,createRegistryView
FNDA:15,registerComponentDefinition
FNDA:2,getRegisteredDefinitions
FNDA:8,registerModule
FNDA:30,assemblyListFor
FNDA:16,(anonymous_9)
FNDA:16,(anonymous_10)
FNDA:45,findDefinitionForComponent
DA:9,1
DA:11,1
DA:12,1
DA:13,1
DA:15,1
DA:16,10
DA:17,10
DA:19,1
DA:20,8
DA:21,13
DA:23,13
DA:24,1
DA:27,12
DA:31,1
DA:32,8
DA:34,15
DA:35,1
DA:36,14
DA:41,10
DA:43,2
DA:47,10
DA:49,8
DA:50,8
DA:51,8
DA:52,7
DA:55,10
DA:57,30
DA:60,30
DA:61,30
DA:66,30
DA:67,16
DA:70,16
DA:73,30
DA:76,10
DA:77,45
DA:78,1
DA:79,44
DA:83,1
LF:38
LH:38
BRDA:23,1,0,1
BRDA:23,1,1,12
BRDA:34,2,0,1
BRDA:34,2,1,14
BRDA:61,3,0,30
BRDA:61,3,1,20
BRDA:77,4,0,1
BRDA:77,4,1,44
BRF:8
BRH:8
end_of_record
TN:
SF:/Users/oddjobsman/Projects/circuitbox/lib/configuration.js
FN:14,Configuration
FN:18,registerModules
FN:21,processModule
FNF:3
FNH:3
FNDA:7,Configuration
FNDA:4,registerModules
FNDA:7,processModule
DA:9,1
DA:11,1
DA:12,1
DA:14,1
DA:15,7
DA:16,7
DA:18,1
DA:19,4
DA:21,4
DA:23,7
DA:25,7
DA:26,1
DA:28,6
DA:32,7
DA:33,2
DA:36,7
DA:37,4
DA:41,1
LF:18
LH:18
BRDA:16,1,0,7
BRDA:16,1,1,0
BRDA:19,2,0,0
BRDA:19,2,1,4
BRDA:23,3,0,1
BRDA:23,3,1,6
BRDA:25,4,0,1
BRDA:25,4,1,6
BRDA:32,5,0,2
BRDA:32,5,1,5
BRDA:36,6,0,4
BRDA:36,6,1,3
BRF:12
BRH:10
end_of_record
TN:
SF:/Users/oddjobsman/Projects/circuitbox/lib/kernel.js
FN:20,Kernel
FN:37,findSingleton
FN:42,storeSingleton
FN:47,isQueuedForAssembly
FN:50,enqueueForAssembly
FN:53,(anonymous_6)
FN:59,buildConfiguration
FN:62,(anonymous_8)
FN:65,(anonymous_9)
FN:71,initialize
FN:83,getHasComponents
FN:88,getName
FN:94,getComponent
FN:110,(anonymous_14)
FN:111,(anonymous_15)
FNF:15
FNH:15
FNDA:6,Kernel
FNDA:7,findSingleton
FNDA:6,storeSingleton
FNDA:12,isQueuedForAssembly
FNDA:6,enqueueForAssembly
FNDA:6,(anonymous_6)
FNDA:3,buildConfiguration
FNDA:1,(anonymous_8)
FNDA:1,(anonymous_9)
FNDA:3,initialize
FNDA:1,getHasComponents
FNDA:2,getName
FNDA:4,getComponent
FNDA:1,(anonymous_14)
FNDA:1,(anonymous_15)
DA:9,1
DA:11,1
DA:12,1
DA:14,1
DA:15,1
DA:17,1
DA:18,1
DA:20,1
DA:21,6
DA:22,6
DA:24,6
DA:25,3
DA:28,3
DA:30,3
DA:32,3
DA:33,3
DA:35,3
DA:36,3
DA:38,7
DA:39,7
DA:40,1
DA:43,6
DA:44,6
DA:45,6
DA:48,12
DA:51,6
DA:54,6
DA:57,3
DA:59,1
DA:61,3
DA:63,1
DA:66,1
DA:71,1
DA:72,3
DA:73,3
DA:75,0
DA:76,0
DA:78,3
DA:81,3
DA:84,1
DA:89,2
DA:94,3
DA:95,4
DA:100,4
DA:101,1
DA:103,3
DA:107,3
DA:109,3
DA:110,1
DA:111,1
DA:112,1
DA:113,0
DA:114,0
DA:116,1
DA:121,2
DA:125,1
LF:56
LH:52
BRDA:21,1,0,6
BRDA:21,1,1,1
BRDA:24,2,0,3
BRDA:24,2,1,3
BRDA:39,3,0,6
BRDA:39,3,1,1
BRDA:48,4,0,12
BRDA:48,4,1,6
BRDA:100,5,0,1
BRDA:100,5,1,3
BRDA:100,6,0,4
BRDA:100,6,1,1
BRDA:107,7,0,3
BRDA:107,7,1,0
BRDA:109,8,0,1
BRDA:109,8,1,2
BRDA:109,9,0,3
BRDA:109,9,1,2
BRDA:112,10,0,0
BRDA:112,10,1,1
BRF:20
BRH:18
end_of_record
